Copyright 1986-2016 Xilinx, Inc. All Rights Reserved.
------------------------------------------------------------------------------------
| Tool Version : Vivado v.2016.1 (win64) Build 1538259 Fri Apr  8 15:45:27 MDT 2016
| Date         : Thu Jun 30 13:50:49 2016
| Host         : DESKTOP-4KPN332 running 64-bit major release  (build 9200)
| Command      : report_utilization -hierarchical -file ./project_1_0384.rpt
| Design       : PRIORITY_ENCODER_SYNTH_TEST
| Device       : 7z010clg400-1
| Design State : Routed
------------------------------------------------------------------------------------

Utilization Design Information

Table of Contents
-----------------
1. Utilization by Hierarchy

1. Utilization by Hierarchy
---------------------------

+---------------------------------+------------------+------------+------------+---------+------+-----+--------+--------+--------------+
|             Instance            |      Module      | Total LUTs | Logic LUTs | LUTRAMs | SRLs | FFs | RAMB36 | RAMB18 | DSP48 Blocks |
+---------------------------------+------------------+------------+------------+---------+------+-----+--------+--------+--------------+
| PRIORITY_ENCODER_SYNTH_TEST     |            (top) |        670 |        670 |       0 |    0 | 770 |      0 |      0 |            0 |
|   (PRIORITY_ENCODER_SYNTH_TEST) |            (top) |          1 |          1 |       0 |    0 | 385 |      0 |      0 |            0 |
|   U                             | PRIORITY_ENCODER |        669 |        669 |       0 |    0 | 385 |      0 |      0 |            0 |
+---------------------------------+------------------+------------+------------+---------+------+-----+--------+--------+--------------+
* Note: The sum of lower-level cells may be larger than their parent cells total, due to cross-hierarchy LUT combining


Copyright 1986-2016 Xilinx, Inc. All Rights Reserved.
------------------------------------------------------------------------------------
| Tool Version : Vivado v.2016.1 (win64) Build 1538259 Fri Apr  8 15:45:27 MDT 2016
| Date         : Thu Jun 30 13:51:00 2016
| Host         : DESKTOP-4KPN332 running 64-bit major release  (build 9200)
| Command      : report_timing -setup -file ./project_1_0384.rpt -append
| Design       : PRIORITY_ENCODER_SYNTH_TEST
| Device       : 7z010-clg400
| Speed File   : -1  PRODUCTION 1.11 2014-09-11
------------------------------------------------------------------------------------

Timing Report

Slack (VIOLATED) :        -1.646ns  (required time - arrival time)
  Source:                 I_REG_reg[56]/C
                            (rising edge-triggered cell FDCE clocked by CLK  {rise@0.000ns fall@2.500ns period=5.000ns})
  Destination:            U/MODE_1.Q_reg[371]/D
                            (rising edge-triggered cell FDCE clocked by CLK  {rise@0.000ns fall@2.500ns period=5.000ns})
  Path Group:             CLK
  Path Type:              Setup (Max at Slow Process Corner)
  Requirement:            5.000ns  (CLK rise@5.000ns - CLK rise@0.000ns)
  Data Path Delay:        6.512ns  (logic 1.834ns (28.165%)  route 4.678ns (71.835%))
  Logic Levels:           10  (LUT4=1 LUT6=9)
  Clock Path Skew:        -0.131ns (DCD - SCD + CPR)
    Destination Clock Delay (DCD):    4.378ns = ( 9.378 - 5.000 ) 
    Source Clock Delay      (SCD):    4.964ns
    Clock Pessimism Removal (CPR):    0.455ns
  Clock Uncertainty:      0.035ns  ((TSJ^2 + TIJ^2)^1/2 + DJ) / 2 + PE
    Total System Jitter     (TSJ):    0.071ns
    Total Input Jitter      (TIJ):    0.000ns
    Discrete Jitter          (DJ):    0.000ns
    Phase Error              (PE):    0.000ns

    Location             Delay type                Incr(ns)  Path(ns)    Netlist Resource(s)
  -------------------------------------------------------------------    -------------------
                         (clock CLK rise edge)        0.000     0.000 r  
    U14                                               0.000     0.000 r  CLK (IN)
                         net (fo=0)                   0.000     0.000    CLK
    U14                  IBUF (Prop_ibuf_I_O)         1.046     1.046 r  CLK_IBUF_inst/O
                         net (fo=1, routed)           2.076     3.122    CLK_IBUF
    BUFGCTRL_X0Y0        BUFG (Prop_bufg_I_O)         0.101     3.223 r  CLK_IBUF_BUFG_inst/O
                         net (fo=770, routed)         1.741     4.964    CLK_IBUF_BUFG
    SLICE_X40Y20         FDCE                                         r  I_REG_reg[56]/C
  -------------------------------------------------------------------    -------------------
    SLICE_X40Y20         FDCE (Prop_fdce_C_Q)         0.419     5.383 f  I_REG_reg[56]/Q
                         net (fo=4, routed)           0.594     5.977    U/Q[56]
    SLICE_X41Y19         LUT4 (Prop_lut4_I1_O)        0.299     6.276 f  U/MODE_1.Q[99]_i_12/O
                         net (fo=2, routed)           0.782     7.058    U/MODE_1.Q[99]_i_12_n_0
    SLICE_X36Y16         LUT6 (Prop_lut6_I5_O)        0.124     7.182 f  U/MODE_1.Q[99]_i_4/O
                         net (fo=1, routed)           0.655     7.837    U/MODE_1.Q[99]_i_4_n_0
    SLICE_X37Y16         LUT6 (Prop_lut6_I1_O)        0.124     7.961 f  U/MODE_1.Q[99]_i_2/O
                         net (fo=7, routed)           0.161     8.122    U/MODE_1.Q[99]_i_2_n_0
    SLICE_X37Y16         LUT6 (Prop_lut6_I4_O)        0.124     8.246 f  U/MODE_1.Q[119]_i_2/O
                         net (fo=10, routed)          0.551     8.797    U/MODE_1.Q[119]_i_2_n_0
    SLICE_X34Y16         LUT6 (Prop_lut6_I4_O)        0.124     8.921 f  U/MODE_1.Q[298]_i_9/O
                         net (fo=5, routed)           0.317     9.238    U/MODE_1.Q[298]_i_9_n_0
    SLICE_X35Y14         LUT6 (Prop_lut6_I3_O)        0.124     9.362 f  U/MODE_1.Q[298]_i_3/O
                         net (fo=17, routed)          0.367     9.729    U/MODE_1.Q[298]_i_3_n_0
    SLICE_X33Y14         LUT6 (Prop_lut6_I2_O)        0.124     9.853 f  U/MODE_1.Q[323]_i_2/O
                         net (fo=10, routed)          0.345    10.199    U/MODE_1.Q[323]_i_2_n_0
    SLICE_X33Y12         LUT6 (Prop_lut6_I3_O)        0.124    10.323 f  U/MODE_1.Q[356]_i_5/O
                         net (fo=11, routed)          0.367    10.690    U/MODE_1.Q[356]_i_5_n_0
    SLICE_X31Y12         LUT6 (Prop_lut6_I4_O)        0.124    10.814 r  U/MODE_1.Q[381]_i_3/O
                         net (fo=18, routed)          0.538    11.352    U/MODE_1.Q[381]_i_3_n_0
    SLICE_X29Y12         LUT6 (Prop_lut6_I1_O)        0.124    11.476 r  U/MODE_1.Q[371]_i_1/O
                         net (fo=1, routed)           0.000    11.476    U/result30_out
    SLICE_X29Y12         FDCE                                         r  U/MODE_1.Q_reg[371]/D
  -------------------------------------------------------------------    -------------------

                         (clock CLK rise edge)        5.000     5.000 r  
    U14                                               0.000     5.000 r  CLK (IN)
                         net (fo=0)                   0.000     5.000    CLK
    U14                  IBUF (Prop_ibuf_I_O)         0.912     5.912 r  CLK_IBUF_inst/O
                         net (fo=1, routed)           1.880     7.792    CLK_IBUF
    BUFGCTRL_X0Y0        BUFG (Prop_bufg_I_O)         0.091     7.883 r  CLK_IBUF_BUFG_inst/O
                         net (fo=770, routed)         1.495     9.378    U/CLK
    SLICE_X29Y12         FDCE                                         r  U/MODE_1.Q_reg[371]/C
                         clock pessimism              0.455     9.833    
                         clock uncertainty           -0.035     9.798    
    SLICE_X29Y12         FDCE (Setup_fdce_C_D)        0.032     9.830    U/MODE_1.Q_reg[371]
  -------------------------------------------------------------------
                         required time                          9.830    
                         arrival time                         -11.476    
  -------------------------------------------------------------------
                         slack                                 -1.646    




