Copyright 1986-2016 Xilinx, Inc. All Rights Reserved.
------------------------------------------------------------------------------------
| Tool Version : Vivado v.2016.1 (win64) Build 1538259 Fri Apr  8 15:45:27 MDT 2016
| Date         : Thu Jun 30 14:52:27 2016
| Host         : DESKTOP-4KPN332 running 64-bit major release  (build 9200)
| Command      : report_utilization -hierarchical -file ./project_5_0256.rpt
| Design       : PRIORITY_ENCODER_SYNTH_TEST
| Device       : 7z010clg400-1
| Design State : Routed
------------------------------------------------------------------------------------

Utilization Design Information

Table of Contents
-----------------
1. Utilization by Hierarchy

1. Utilization by Hierarchy
---------------------------

+---------------------------------+------------------+------------+------------+---------+------+-----+--------+--------+--------------+
|             Instance            |      Module      | Total LUTs | Logic LUTs | LUTRAMs | SRLs | FFs | RAMB36 | RAMB18 | DSP48 Blocks |
+---------------------------------+------------------+------------+------------+---------+------+-----+--------+--------+--------------+
| PRIORITY_ENCODER_SYNTH_TEST     |            (top) |        712 |        712 |       0 |    0 | 514 |      0 |      0 |            0 |
|   (PRIORITY_ENCODER_SYNTH_TEST) |            (top) |          1 |          1 |       0 |    0 | 257 |      0 |      0 |            0 |
|   U                             | PRIORITY_ENCODER |        711 |        711 |       0 |    0 | 257 |      0 |      0 |            0 |
+---------------------------------+------------------+------------+------------+---------+------+-----+--------+--------+--------------+
* Note: The sum of lower-level cells may be larger than their parent cells total, due to cross-hierarchy LUT combining


Copyright 1986-2016 Xilinx, Inc. All Rights Reserved.
------------------------------------------------------------------------------------
| Tool Version : Vivado v.2016.1 (win64) Build 1538259 Fri Apr  8 15:45:27 MDT 2016
| Date         : Thu Jun 30 14:52:38 2016
| Host         : DESKTOP-4KPN332 running 64-bit major release  (build 9200)
| Command      : report_timing -setup -file ./project_5_0256.rpt -append
| Design       : PRIORITY_ENCODER_SYNTH_TEST
| Device       : 7z010-clg400
| Speed File   : -1  PRODUCTION 1.11 2014-09-11
------------------------------------------------------------------------------------

Timing Report

Slack (MET) :             0.023ns  (required time - arrival time)
  Source:                 I_REG_reg[71]/C
                            (rising edge-triggered cell FDCE clocked by CLK  {rise@0.000ns fall@2.500ns period=5.000ns})
  Destination:            U/MODE_5.Q_reg[184]/D
                            (rising edge-triggered cell FDCE clocked by CLK  {rise@0.000ns fall@2.500ns period=5.000ns})
  Path Group:             CLK
  Path Type:              Setup (Max at Slow Process Corner)
  Requirement:            5.000ns  (CLK rise@5.000ns - CLK rise@0.000ns)
  Data Path Delay:        4.954ns  (logic 1.090ns (22.002%)  route 3.864ns (77.998%))
  Logic Levels:           4  (LUT4=2 LUT5=1 LUT6=1)
  Clock Path Skew:        -0.067ns (DCD - SCD + CPR)
    Destination Clock Delay (DCD):    4.375ns = ( 9.375 - 5.000 ) 
    Source Clock Delay      (SCD):    4.897ns
    Clock Pessimism Removal (CPR):    0.455ns
  Clock Uncertainty:      0.035ns  ((TSJ^2 + TIJ^2)^1/2 + DJ) / 2 + PE
    Total System Jitter     (TSJ):    0.071ns
    Total Input Jitter      (TIJ):    0.000ns
    Discrete Jitter          (DJ):    0.000ns
    Phase Error              (PE):    0.000ns

    Location             Delay type                Incr(ns)  Path(ns)    Netlist Resource(s)
  -------------------------------------------------------------------    -------------------
                         (clock CLK rise edge)        0.000     0.000 r  
    U14                                               0.000     0.000 r  CLK (IN)
                         net (fo=0)                   0.000     0.000    CLK
    U14                  IBUF (Prop_ibuf_I_O)         1.046     1.046 r  CLK_IBUF_inst/O
                         net (fo=1, routed)           2.076     3.122    CLK_IBUF
    BUFGCTRL_X0Y0        BUFG (Prop_bufg_I_O)         0.101     3.223 r  CLK_IBUF_BUFG_inst/O
                         net (fo=514, routed)         1.674     4.897    CLK_IBUF_BUFG
    SLICE_X31Y4          FDCE                                         r  I_REG_reg[71]/C
  -------------------------------------------------------------------    -------------------
    SLICE_X31Y4          FDCE (Prop_fdce_C_Q)         0.419     5.316 f  I_REG_reg[71]/Q
                         net (fo=5, routed)           0.750     6.066    U/Q[71]
    SLICE_X31Y6          LUT4 (Prop_lut4_I0_O)        0.299     6.365 f  U/MODE_5.Z_i_64/O
                         net (fo=1, routed)           0.965     7.331    U/MODE_5.Z_i_64_n_0
    SLICE_X34Y11         LUT4 (Prop_lut4_I2_O)        0.124     7.455 f  U/MODE_5.Z_i_23/O
                         net (fo=1, routed)           0.714     8.169    U/MODE_5.Z_i_23_n_0
    SLICE_X35Y9          LUT6 (Prop_lut6_I5_O)        0.124     8.293 r  U/MODE_5.Z_i_4/O
                         net (fo=193, routed)         1.434     9.727    U/MODE_5.Z_i_4_n_0
    SLICE_X32Y17         LUT5 (Prop_lut5_I2_O)        0.124     9.851 r  U/MODE_5.Q[184]_i_1/O
                         net (fo=1, routed)           0.000     9.851    U/o_data[184]
    SLICE_X32Y17         FDCE                                         r  U/MODE_5.Q_reg[184]/D
  -------------------------------------------------------------------    -------------------

                         (clock CLK rise edge)        5.000     5.000 r  
    U14                                               0.000     5.000 r  CLK (IN)
                         net (fo=0)                   0.000     5.000    CLK
    U14                  IBUF (Prop_ibuf_I_O)         0.912     5.912 r  CLK_IBUF_inst/O
                         net (fo=1, routed)           1.880     7.792    CLK_IBUF
    BUFGCTRL_X0Y0        BUFG (Prop_bufg_I_O)         0.091     7.883 r  CLK_IBUF_BUFG_inst/O
                         net (fo=514, routed)         1.492     9.375    U/CLK
    SLICE_X32Y17         FDCE                                         r  U/MODE_5.Q_reg[184]/C
                         clock pessimism              0.455     9.830    
                         clock uncertainty           -0.035     9.795    
    SLICE_X32Y17         FDCE (Setup_fdce_C_D)        0.079     9.874    U/MODE_5.Q_reg[184]
  -------------------------------------------------------------------
                         required time                          9.874    
                         arrival time                          -9.851    
  -------------------------------------------------------------------
                         slack                                  0.023    




