Copyright 1986-2016 Xilinx, Inc. All Rights Reserved.
------------------------------------------------------------------------------------
| Tool Version : Vivado v.2016.1 (win64) Build 1538259 Fri Apr  8 15:45:27 MDT 2016
| Date         : Thu Jun 30 15:43:35 2016
| Host         : DESKTOP-4KPN332 running 64-bit major release  (build 9200)
| Command      : report_utilization -hierarchical -file ./project_2_4096.rpt
| Design       : PRIORITY_ENCODER_SYNTH_TEST
| Device       : 7z010clg400-1
| Design State : Routed
------------------------------------------------------------------------------------

Utilization Design Information

Table of Contents
-----------------
1. Utilization by Hierarchy

1. Utilization by Hierarchy
---------------------------

+---------------------------------+------------------+------------+------------+---------+------+------+--------+--------+--------------+
|             Instance            |      Module      | Total LUTs | Logic LUTs | LUTRAMs | SRLs |  FFs | RAMB36 | RAMB18 | DSP48 Blocks |
+---------------------------------+------------------+------------+------------+---------+------+------+--------+--------+--------------+
| PRIORITY_ENCODER_SYNTH_TEST     |            (top) |       6776 |       6776 |       0 |    0 | 8194 |      0 |      0 |            0 |
|   (PRIORITY_ENCODER_SYNTH_TEST) |            (top) |          1 |          1 |       0 |    0 | 4097 |      0 |      0 |            0 |
|   U                             | PRIORITY_ENCODER |       6775 |       6775 |       0 |    0 | 4097 |      0 |      0 |            0 |
+---------------------------------+------------------+------------+------------+---------+------+------+--------+--------+--------------+
* Note: The sum of lower-level cells may be larger than their parent cells total, due to cross-hierarchy LUT combining


Copyright 1986-2016 Xilinx, Inc. All Rights Reserved.
------------------------------------------------------------------------------------
| Tool Version : Vivado v.2016.1 (win64) Build 1538259 Fri Apr  8 15:45:27 MDT 2016
| Date         : Thu Jun 30 15:43:48 2016
| Host         : DESKTOP-4KPN332 running 64-bit major release  (build 9200)
| Command      : report_timing -setup -file ./project_2_4096.rpt -append
| Design       : PRIORITY_ENCODER_SYNTH_TEST
| Device       : 7z010-clg400
| Speed File   : -1  PRODUCTION 1.11 2014-09-11
------------------------------------------------------------------------------------

Timing Report

Slack (MET) :             0.164ns  (required time - arrival time)
  Source:                 I_REG_reg[389]/C
                            (rising edge-triggered cell FDCE clocked by CLK  {rise@0.000ns fall@5.000ns period=10.000ns})
  Destination:            U/MODE_2.Q_reg[2156]/D
                            (rising edge-triggered cell FDCE clocked by CLK  {rise@0.000ns fall@5.000ns period=10.000ns})
  Path Group:             CLK
  Path Type:              Setup (Max at Slow Process Corner)
  Requirement:            10.000ns  (CLK rise@10.000ns - CLK rise@0.000ns)
  Data Path Delay:        9.746ns  (logic 2.048ns (21.013%)  route 7.698ns (78.987%))
  Logic Levels:           8  (LUT3=2 LUT4=3 LUT6=3)
  Clock Path Skew:        -0.086ns (DCD - SCD + CPR)
    Destination Clock Delay (DCD):    4.458ns = ( 14.458 - 10.000 ) 
    Source Clock Delay      (SCD):    4.898ns
    Clock Pessimism Removal (CPR):    0.354ns
  Clock Uncertainty:      0.035ns  ((TSJ^2 + TIJ^2)^1/2 + DJ) / 2 + PE
    Total System Jitter     (TSJ):    0.071ns
    Total Input Jitter      (TIJ):    0.000ns
    Discrete Jitter          (DJ):    0.000ns
    Phase Error              (PE):    0.000ns

    Location             Delay type                Incr(ns)  Path(ns)    Netlist Resource(s)
  -------------------------------------------------------------------    -------------------
                         (clock CLK rise edge)        0.000     0.000 r  
    U14                                               0.000     0.000 r  CLK (IN)
                         net (fo=0)                   0.000     0.000    CLK
    U14                  IBUF (Prop_ibuf_I_O)         1.046     1.046 r  CLK_IBUF_inst/O
                         net (fo=1, routed)           2.076     3.122    CLK_IBUF
    BUFGCTRL_X0Y0        BUFG (Prop_bufg_I_O)         0.101     3.223 r  CLK_IBUF_BUFG_inst/O
                         net (fo=8194, routed)        1.675     4.898    CLK_IBUF_BUFG
    SLICE_X18Y49         FDCE                                         r  I_REG_reg[389]/C
  -------------------------------------------------------------------    -------------------
    SLICE_X18Y49         FDCE (Prop_fdce_C_Q)         0.419     5.317 f  I_REG_reg[389]/Q
                         net (fo=7, routed)           0.999     6.316    U/Q[389]
    SLICE_X17Y51         LUT4 (Prop_lut4_I3_O)        0.327     6.643 f  U/MODE_2.Q[403]_i_6/O
                         net (fo=1, routed)           0.630     7.273    U/MODE_2.Q[403]_i_6_n_0
    SLICE_X14Y46         LUT6 (Prop_lut6_I5_O)        0.332     7.605 f  U/MODE_2.Q[403]_i_3/O
                         net (fo=3, routed)           0.969     8.574    U/MODE_2.Q[403]_i_3_n_0
    SLICE_X14Y42         LUT6 (Prop_lut6_I3_O)        0.124     8.698 f  U/MODE_2.Q[515]_i_6/O
                         net (fo=3, routed)           0.373     9.070    U/MODE_2.Q[515]_i_6_n_0
    SLICE_X15Y42         LUT4 (Prop_lut4_I3_O)        0.124     9.194 f  U/MODE_2.Q[1027]_i_6/O
                         net (fo=1, routed)           1.449    10.643    U/MODE_2.Q[1027]_i_6_n_0
    SLICE_X20Y25         LUT6 (Prop_lut6_I4_O)        0.124    10.767 f  U/MODE_2.Q[1027]_i_2/O
                         net (fo=33, routed)          1.338    12.106    U/MODE_2.Q[1027]_i_2_n_0
    SLICE_X26Y11         LUT3 (Prop_lut3_I2_O)        0.124    12.230 f  U/MODE_2.Q[2051]_i_2/O
                         net (fo=21, routed)          1.185    13.415    U/MODE_2.Q[2051]_i_2_n_0
    SLICE_X38Y8          LUT3 (Prop_lut3_I1_O)        0.119    13.534 f  U/MODE_2.Q[2159]_i_4/O
                         net (fo=16, routed)          0.756    14.289    U/MODE_2.Q[2159]_i_4_n_0
    SLICE_X41Y8          LUT4 (Prop_lut4_I2_O)        0.355    14.644 r  U/MODE_2.Q[2156]_i_1/O
                         net (fo=1, routed)           0.000    14.644    U/MODE_2.Q[2156]_i_1_n_0
    SLICE_X41Y8          FDCE                                         r  U/MODE_2.Q_reg[2156]/D
  -------------------------------------------------------------------    -------------------

                         (clock CLK rise edge)       10.000    10.000 r  
    U14                                               0.000    10.000 r  CLK (IN)
                         net (fo=0)                   0.000    10.000    CLK
    U14                  IBUF (Prop_ibuf_I_O)         0.912    10.912 r  CLK_IBUF_inst/O
                         net (fo=1, routed)           1.880    12.792    CLK_IBUF
    BUFGCTRL_X0Y0        BUFG (Prop_bufg_I_O)         0.091    12.883 r  CLK_IBUF_BUFG_inst/O
                         net (fo=8194, routed)        1.575    14.458    U/CLK
    SLICE_X41Y8          FDCE                                         r  U/MODE_2.Q_reg[2156]/C
                         clock pessimism              0.354    14.812    
                         clock uncertainty           -0.035    14.777    
    SLICE_X41Y8          FDCE (Setup_fdce_C_D)        0.031    14.808    U/MODE_2.Q_reg[2156]
  -------------------------------------------------------------------
                         required time                         14.808    
                         arrival time                         -14.644    
  -------------------------------------------------------------------
                         slack                                  0.164    




