Copyright 1986-2016 Xilinx, Inc. All Rights Reserved.
------------------------------------------------------------------------------------
| Tool Version : Vivado v.2016.1 (win64) Build 1538259 Fri Apr  8 15:45:27 MDT 2016
| Date         : Thu Jun 30 14:12:21 2016
| Host         : DESKTOP-4KPN332 running 64-bit major release  (build 9200)
| Command      : report_utilization -hierarchical -file ./project_3_0192.rpt
| Design       : PRIORITY_ENCODER_SYNTH_TEST
| Device       : 7z010clg400-1
| Design State : Routed
------------------------------------------------------------------------------------

Utilization Design Information

Table of Contents
-----------------
1. Utilization by Hierarchy

1. Utilization by Hierarchy
---------------------------

+---------------------------------+------------------+------------+------------+---------+------+-----+--------+--------+--------------+
|             Instance            |      Module      | Total LUTs | Logic LUTs | LUTRAMs | SRLs | FFs | RAMB36 | RAMB18 | DSP48 Blocks |
+---------------------------------+------------------+------------+------------+---------+------+-----+--------+--------+--------------+
| PRIORITY_ENCODER_SYNTH_TEST     |            (top) |        623 |        623 |       0 |    0 | 386 |      0 |      0 |            0 |
|   (PRIORITY_ENCODER_SYNTH_TEST) |            (top) |          1 |          1 |       0 |    0 | 193 |      0 |      0 |            0 |
|   U                             | PRIORITY_ENCODER |        622 |        622 |       0 |    0 | 193 |      0 |      0 |            0 |
+---------------------------------+------------------+------------+------------+---------+------+-----+--------+--------+--------------+
* Note: The sum of lower-level cells may be larger than their parent cells total, due to cross-hierarchy LUT combining


Copyright 1986-2016 Xilinx, Inc. All Rights Reserved.
------------------------------------------------------------------------------------
| Tool Version : Vivado v.2016.1 (win64) Build 1538259 Fri Apr  8 15:45:27 MDT 2016
| Date         : Thu Jun 30 14:12:32 2016
| Host         : DESKTOP-4KPN332 running 64-bit major release  (build 9200)
| Command      : report_timing -setup -file ./project_3_0192.rpt -append
| Design       : PRIORITY_ENCODER_SYNTH_TEST
| Device       : 7z010-clg400
| Speed File   : -1  PRODUCTION 1.11 2014-09-11
------------------------------------------------------------------------------------

Timing Report

Slack (MET) :             0.007ns  (required time - arrival time)
  Source:                 I_REG_reg[92]/C
                            (rising edge-triggered cell FDCE clocked by CLK  {rise@0.000ns fall@2.500ns period=5.000ns})
  Destination:            U/MODE_3.Q_reg[183]/D
                            (rising edge-triggered cell FDCE clocked by CLK  {rise@0.000ns fall@2.500ns period=5.000ns})
  Path Group:             CLK
  Path Type:              Setup (Max at Slow Process Corner)
  Requirement:            5.000ns  (CLK rise@5.000ns - CLK rise@0.000ns)
  Data Path Delay:        4.976ns  (logic 1.374ns (27.610%)  route 3.602ns (72.390%))
  Logic Levels:           4  (LUT3=1 LUT4=1 LUT6=2)
  Clock Path Skew:        -0.060ns (DCD - SCD + CPR)
    Destination Clock Delay (DCD):    4.371ns = ( 9.371 - 5.000 ) 
    Source Clock Delay      (SCD):    4.886ns
    Clock Pessimism Removal (CPR):    0.455ns
  Clock Uncertainty:      0.035ns  ((TSJ^2 + TIJ^2)^1/2 + DJ) / 2 + PE
    Total System Jitter     (TSJ):    0.071ns
    Total Input Jitter      (TIJ):    0.000ns
    Discrete Jitter          (DJ):    0.000ns
    Phase Error              (PE):    0.000ns

    Location             Delay type                Incr(ns)  Path(ns)    Netlist Resource(s)
  -------------------------------------------------------------------    -------------------
                         (clock CLK rise edge)        0.000     0.000 r  
    U14                                               0.000     0.000 r  CLK (IN)
                         net (fo=0)                   0.000     0.000    CLK
    U14                  IBUF (Prop_ibuf_I_O)         1.046     1.046 r  CLK_IBUF_inst/O
                         net (fo=1, routed)           2.076     3.122    CLK_IBUF
    BUFGCTRL_X0Y0        BUFG (Prop_bufg_I_O)         0.101     3.223 r  CLK_IBUF_BUFG_inst/O
                         net (fo=386, routed)         1.663     4.886    CLK_IBUF_BUFG
    SLICE_X32Y31         FDCE                                         r  I_REG_reg[92]/C
  -------------------------------------------------------------------    -------------------
    SLICE_X32Y31         FDCE (Prop_fdce_C_Q)         0.478     5.364 f  I_REG_reg[92]/Q
                         net (fo=7, routed)           1.000     6.364    U/Q[92]
    SLICE_X30Y32         LUT4 (Prop_lut4_I0_O)        0.320     6.684 f  U/MODE_3.Q[167]_i_7/O
                         net (fo=2, routed)           0.991     7.676    U/MODE_3.Q[167]_i_7_n_0
    SLICE_X34Y31         LUT6 (Prop_lut6_I0_O)        0.328     8.004 f  U/MODE_3.Q[167]_i_4/O
                         net (fo=6, routed)           0.684     8.688    U/MODE_3.Q[167]_i_4_n_0
    SLICE_X34Y32         LUT3 (Prop_lut3_I2_O)        0.124     8.812 r  U/MODE_3.Q[183]_i_3/O
                         net (fo=1, routed)           0.927     9.738    U/MODE_3.Q[183]_i_3_n_0
    SLICE_X34Y28         LUT6 (Prop_lut6_I1_O)        0.124     9.862 r  U/MODE_3.Q[183]_i_1/O
                         net (fo=1, routed)           0.000     9.862    U/p_440_out
    SLICE_X34Y28         FDCE                                         r  U/MODE_3.Q_reg[183]/D
  -------------------------------------------------------------------    -------------------

                         (clock CLK rise edge)        5.000     5.000 r  
    U14                                               0.000     5.000 r  CLK (IN)
                         net (fo=0)                   0.000     5.000    CLK
    U14                  IBUF (Prop_ibuf_I_O)         0.912     5.912 r  CLK_IBUF_inst/O
                         net (fo=1, routed)           1.880     7.792    CLK_IBUF
    BUFGCTRL_X0Y0        BUFG (Prop_bufg_I_O)         0.091     7.883 r  CLK_IBUF_BUFG_inst/O
                         net (fo=386, routed)         1.488     9.371    U/CLK
    SLICE_X34Y28         FDCE                                         r  U/MODE_3.Q_reg[183]/C
                         clock pessimism              0.455     9.826    
                         clock uncertainty           -0.035     9.791    
    SLICE_X34Y28         FDCE (Setup_fdce_C_D)        0.079     9.870    U/MODE_3.Q_reg[183]
  -------------------------------------------------------------------
                         required time                          9.870    
                         arrival time                          -9.862    
  -------------------------------------------------------------------
                         slack                                  0.007    




