Copyright 1986-2016 Xilinx, Inc. All Rights Reserved.
------------------------------------------------------------------------------------
| Tool Version : Vivado v.2016.1 (win64) Build 1538259 Fri Apr  8 15:45:27 MDT 2016
| Date         : Thu Jun 30 14:30:27 2016
| Host         : DESKTOP-4KPN332 running 64-bit major release  (build 9200)
| Command      : report_utilization -hierarchical -file ./project_3_0512.rpt
| Design       : PRIORITY_ENCODER_SYNTH_TEST
| Device       : 7z010clg400-1
| Design State : Routed
------------------------------------------------------------------------------------

Utilization Design Information

Table of Contents
-----------------
1. Utilization by Hierarchy

1. Utilization by Hierarchy
---------------------------

+---------------------------------+------------------+------------+------------+---------+------+------+--------+--------+--------------+
|             Instance            |      Module      | Total LUTs | Logic LUTs | LUTRAMs | SRLs |  FFs | RAMB36 | RAMB18 | DSP48 Blocks |
+---------------------------------+------------------+------------+------------+---------+------+------+--------+--------+--------------+
| PRIORITY_ENCODER_SYNTH_TEST     |            (top) |       3023 |       3023 |       0 |    0 | 1026 |      0 |      0 |            0 |
|   (PRIORITY_ENCODER_SYNTH_TEST) |            (top) |          0 |          0 |       0 |    0 |  513 |      0 |      0 |            0 |
|   U                             | PRIORITY_ENCODER |       3023 |       3023 |       0 |    0 |  513 |      0 |      0 |            0 |
+---------------------------------+------------------+------------+------------+---------+------+------+--------+--------+--------------+
* Note: The sum of lower-level cells may be larger than their parent cells total, due to cross-hierarchy LUT combining


Copyright 1986-2016 Xilinx, Inc. All Rights Reserved.
------------------------------------------------------------------------------------
| Tool Version : Vivado v.2016.1 (win64) Build 1538259 Fri Apr  8 15:45:27 MDT 2016
| Date         : Thu Jun 30 14:30:38 2016
| Host         : DESKTOP-4KPN332 running 64-bit major release  (build 9200)
| Command      : report_timing -setup -file ./project_3_0512.rpt -append
| Design       : PRIORITY_ENCODER_SYNTH_TEST
| Device       : 7z010-clg400
| Speed File   : -1  PRODUCTION 1.11 2014-09-11
------------------------------------------------------------------------------------

Timing Report

Slack (VIOLATED) :        -1.294ns  (required time - arrival time)
  Source:                 I_REG_reg[201]/C
                            (rising edge-triggered cell FDCE clocked by CLK  {rise@0.000ns fall@2.500ns period=5.000ns})
  Destination:            U/MODE_3.Q_reg[492]/D
                            (rising edge-triggered cell FDCE clocked by CLK  {rise@0.000ns fall@2.500ns period=5.000ns})
  Path Group:             CLK
  Path Type:              Setup (Max at Slow Process Corner)
  Requirement:            5.000ns  (CLK rise@5.000ns - CLK rise@0.000ns)
  Data Path Delay:        6.125ns  (logic 1.076ns (17.567%)  route 5.049ns (82.433%))
  Logic Levels:           5  (LUT3=1 LUT4=1 LUT5=1 LUT6=2)
  Clock Path Skew:        -0.165ns (DCD - SCD + CPR)
    Destination Clock Delay (DCD):    4.376ns = ( 9.376 - 5.000 ) 
    Source Clock Delay      (SCD):    4.881ns
    Clock Pessimism Removal (CPR):    0.340ns
  Clock Uncertainty:      0.035ns  ((TSJ^2 + TIJ^2)^1/2 + DJ) / 2 + PE
    Total System Jitter     (TSJ):    0.071ns
    Total Input Jitter      (TIJ):    0.000ns
    Discrete Jitter          (DJ):    0.000ns
    Phase Error              (PE):    0.000ns

    Location             Delay type                Incr(ns)  Path(ns)    Netlist Resource(s)
  -------------------------------------------------------------------    -------------------
                         (clock CLK rise edge)        0.000     0.000 r  
    U14                                               0.000     0.000 r  CLK (IN)
                         net (fo=0)                   0.000     0.000    CLK
    U14                  IBUF (Prop_ibuf_I_O)         1.046     1.046 r  CLK_IBUF_inst/O
                         net (fo=1, routed)           2.076     3.122    CLK_IBUF
    BUFGCTRL_X0Y0        BUFG (Prop_bufg_I_O)         0.101     3.223 r  CLK_IBUF_BUFG_inst/O
                         net (fo=1026, routed)        1.658     4.881    CLK_IBUF_BUFG
    SLICE_X25Y55         FDCE                                         r  I_REG_reg[201]/C
  -------------------------------------------------------------------    -------------------
    SLICE_X25Y55         FDCE (Prop_fdce_C_Q)         0.456     5.337 f  I_REG_reg[201]/Q
                         net (fo=26, routed)          1.383     6.720    U/Q[201]
    SLICE_X33Y58         LUT4 (Prop_lut4_I0_O)        0.124     6.844 f  U/MODE_3.Q[324]_i_21/O
                         net (fo=10, routed)          1.160     8.004    U/MODE_3.Q[324]_i_21_n_0
    SLICE_X24Y59         LUT5 (Prop_lut5_I4_O)        0.124     8.128 f  U/MODE_3.Q[492]_i_15/O
                         net (fo=1, routed)           1.327     9.455    U/MODE_3.Q[492]_i_15_n_0
    SLICE_X24Y39         LUT6 (Prop_lut6_I1_O)        0.124     9.579 f  U/MODE_3.Q[492]_i_9/O
                         net (fo=2, routed)           0.735    10.314    U/MODE_3.Q[492]_i_9_n_0
    SLICE_X23Y37         LUT3 (Prop_lut3_I0_O)        0.124    10.438 f  U/MODE_3.Q[492]_i_5/O
                         net (fo=2, routed)           0.444    10.882    U/MODE_3.Q[492]_i_5_n_0
    SLICE_X23Y39         LUT6 (Prop_lut6_I5_O)        0.124    11.006 r  U/MODE_3.Q[492]_i_1/O
                         net (fo=1, routed)           0.000    11.006    U/p_1186_out
    SLICE_X23Y39         FDCE                                         r  U/MODE_3.Q_reg[492]/D
  -------------------------------------------------------------------    -------------------

                         (clock CLK rise edge)        5.000     5.000 r  
    U14                                               0.000     5.000 r  CLK (IN)
                         net (fo=0)                   0.000     5.000    CLK
    U14                  IBUF (Prop_ibuf_I_O)         0.912     5.912 r  CLK_IBUF_inst/O
                         net (fo=1, routed)           1.880     7.792    CLK_IBUF
    BUFGCTRL_X0Y0        BUFG (Prop_bufg_I_O)         0.091     7.883 r  CLK_IBUF_BUFG_inst/O
                         net (fo=1026, routed)        1.493     9.376    U/CLK
    SLICE_X23Y39         FDCE                                         r  U/MODE_3.Q_reg[492]/C
                         clock pessimism              0.340     9.716    
                         clock uncertainty           -0.035     9.681    
    SLICE_X23Y39         FDCE (Setup_fdce_C_D)        0.031     9.712    U/MODE_3.Q_reg[492]
  -------------------------------------------------------------------
                         required time                          9.712    
                         arrival time                         -11.006    
  -------------------------------------------------------------------
                         slack                                 -1.294    




