Copyright 1986-2016 Xilinx, Inc. All Rights Reserved.
------------------------------------------------------------------------------------
| Tool Version : Vivado v.2016.1 (win64) Build 1538259 Fri Apr  8 15:45:27 MDT 2016
| Date         : Thu Jun 30 13:20:06 2016
| Host         : DESKTOP-4KPN332 running 64-bit major release  (build 9200)
| Command      : report_utilization -hierarchical -file ./project_4_0016.rpt
| Design       : PRIORITY_ENCODER_SYNTH_TEST
| Device       : 7z010clg400-1
| Design State : Routed
------------------------------------------------------------------------------------

Utilization Design Information

Table of Contents
-----------------
1. Utilization by Hierarchy

1. Utilization by Hierarchy
---------------------------

+---------------------------------+------------------+------------+------------+---------+------+-----+--------+--------+--------------+
|             Instance            |      Module      | Total LUTs | Logic LUTs | LUTRAMs | SRLs | FFs | RAMB36 | RAMB18 | DSP48 Blocks |
+---------------------------------+------------------+------------+------------+---------+------+-----+--------+--------+--------------+
| PRIORITY_ENCODER_SYNTH_TEST     |            (top) |         49 |         49 |       0 |    0 |  34 |      0 |      0 |            0 |
|   (PRIORITY_ENCODER_SYNTH_TEST) |            (top) |          1 |          1 |       0 |    0 |  17 |      0 |      0 |            0 |
|   U                             | PRIORITY_ENCODER |         48 |         48 |       0 |    0 |  17 |      0 |      0 |            0 |
+---------------------------------+------------------+------------+------------+---------+------+-----+--------+--------+--------------+
* Note: The sum of lower-level cells may be larger than their parent cells total, due to cross-hierarchy LUT combining


Copyright 1986-2016 Xilinx, Inc. All Rights Reserved.
------------------------------------------------------------------------------------
| Tool Version : Vivado v.2016.1 (win64) Build 1538259 Fri Apr  8 15:45:27 MDT 2016
| Date         : Thu Jun 30 13:20:17 2016
| Host         : DESKTOP-4KPN332 running 64-bit major release  (build 9200)
| Command      : report_timing -setup -file ./project_4_0016.rpt -append
| Design       : PRIORITY_ENCODER_SYNTH_TEST
| Device       : 7z010-clg400
| Speed File   : -1  PRODUCTION 1.11 2014-09-11
------------------------------------------------------------------------------------

Timing Report

Slack (VIOLATED) :        -0.095ns  (required time - arrival time)
  Source:                 I_REG_reg[0]/C
                            (rising edge-triggered cell FDCE clocked by CLK  {rise@0.000ns fall@1.250ns period=2.500ns})
  Destination:            U/MODE_4.Q_reg[14]/D
                            (rising edge-triggered cell FDCE clocked by CLK  {rise@0.000ns fall@1.250ns period=2.500ns})
  Path Group:             CLK
  Path Type:              Setup (Max at Slow Process Corner)
  Requirement:            2.500ns  (CLK rise@2.500ns - CLK rise@0.000ns)
  Data Path Delay:        2.565ns  (logic 2.050ns (79.931%)  route 0.515ns (20.069%))
  Logic Levels:           5  (CARRY4=4 LUT2=1)
  Clock Path Skew:        -0.026ns (DCD - SCD + CPR)
    Destination Clock Delay (DCD):    4.459ns = ( 6.959 - 2.500 ) 
    Source Clock Delay      (SCD):    4.978ns
    Clock Pessimism Removal (CPR):    0.493ns
  Clock Uncertainty:      0.035ns  ((TSJ^2 + TIJ^2)^1/2 + DJ) / 2 + PE
    Total System Jitter     (TSJ):    0.071ns
    Total Input Jitter      (TIJ):    0.000ns
    Discrete Jitter          (DJ):    0.000ns
    Phase Error              (PE):    0.000ns

    Location             Delay type                Incr(ns)  Path(ns)    Netlist Resource(s)
  -------------------------------------------------------------------    -------------------
                         (clock CLK rise edge)        0.000     0.000 r  
    U14                                               0.000     0.000 r  CLK (IN)
                         net (fo=0)                   0.000     0.000    CLK
    U14                  IBUF (Prop_ibuf_I_O)         1.046     1.046 r  CLK_IBUF_inst/O
                         net (fo=1, routed)           2.076     3.122    CLK_IBUF
    BUFGCTRL_X0Y0        BUFG (Prop_bufg_I_O)         0.101     3.223 r  CLK_IBUF_BUFG_inst/O
                         net (fo=34, routed)          1.755     4.978    CLK_IBUF_BUFG
    SLICE_X43Y0          FDCE                                         r  I_REG_reg[0]/C
  -------------------------------------------------------------------    -------------------
    SLICE_X43Y0          FDCE (Prop_fdce_C_Q)         0.419     5.397 r  I_REG_reg[0]/Q
                         net (fo=4, routed)           0.226     5.622    U/Q[0]
    SLICE_X42Y0          CARRY4 (Prop_carry4_CYINIT_CO[3])
                                                      0.768     6.390 r  U/minusOp_carry/CO[3]
                         net (fo=1, routed)           0.000     6.390    U/minusOp_carry_n_0
    SLICE_X42Y1          CARRY4 (Prop_carry4_CI_CO[3])
                                                      0.117     6.507 r  U/minusOp_carry__0/CO[3]
                         net (fo=1, routed)           0.000     6.507    U/minusOp_carry__0_n_0
    SLICE_X42Y2          CARRY4 (Prop_carry4_CI_CO[3])
                                                      0.117     6.624 r  U/minusOp_carry__1/CO[3]
                         net (fo=1, routed)           0.000     6.624    U/minusOp_carry__1_n_0
    SLICE_X42Y3          CARRY4 (Prop_carry4_CI_O[1])
                                                      0.323     6.947 f  U/minusOp_carry__2/O[1]
                         net (fo=1, routed)           0.289     7.237    U/minusOp_carry__2_n_6
    SLICE_X41Y3          LUT2 (Prop_lut2_I1_O)        0.306     7.543 r  U/MODE_4.Q[14]_i_1/O
                         net (fo=1, routed)           0.000     7.543    U/MODE_4.Q[14]_i_1_n_0
    SLICE_X41Y3          FDCE                                         r  U/MODE_4.Q_reg[14]/D
  -------------------------------------------------------------------    -------------------

                         (clock CLK rise edge)        2.500     2.500 r  
    U14                                               0.000     2.500 r  CLK (IN)
                         net (fo=0)                   0.000     2.500    CLK
    U14                  IBUF (Prop_ibuf_I_O)         0.912     3.412 r  CLK_IBUF_inst/O
                         net (fo=1, routed)           1.880     5.292    CLK_IBUF
    BUFGCTRL_X0Y0        BUFG (Prop_bufg_I_O)         0.091     5.383 r  CLK_IBUF_BUFG_inst/O
                         net (fo=34, routed)          1.576     6.959    U/CLK
    SLICE_X41Y3          FDCE                                         r  U/MODE_4.Q_reg[14]/C
                         clock pessimism              0.493     7.452    
                         clock uncertainty           -0.035     7.417    
    SLICE_X41Y3          FDCE (Setup_fdce_C_D)        0.031     7.448    U/MODE_4.Q_reg[14]
  -------------------------------------------------------------------
                         required time                          7.448    
                         arrival time                          -7.543    
  -------------------------------------------------------------------
                         slack                                 -0.095    




