Copyright 1986-2016 Xilinx, Inc. All Rights Reserved.
------------------------------------------------------------------------------------
| Tool Version : Vivado v.2016.1 (win64) Build 1538259 Fri Apr  8 15:45:27 MDT 2016
| Date         : Thu Jun 30 14:01:43 2016
| Host         : DESKTOP-4KPN332 running 64-bit major release  (build 9200)
| Command      : report_utilization -hierarchical -file ./project_2_0256.rpt
| Design       : PRIORITY_ENCODER_SYNTH_TEST
| Device       : 7z010clg400-1
| Design State : Routed
------------------------------------------------------------------------------------

Utilization Design Information

Table of Contents
-----------------
1. Utilization by Hierarchy

1. Utilization by Hierarchy
---------------------------

+---------------------------------+------------------+------------+------------+---------+------+-----+--------+--------+--------------+
|             Instance            |      Module      | Total LUTs | Logic LUTs | LUTRAMs | SRLs | FFs | RAMB36 | RAMB18 | DSP48 Blocks |
+---------------------------------+------------------+------------+------------+---------+------+-----+--------+--------+--------------+
| PRIORITY_ENCODER_SYNTH_TEST     |            (top) |        513 |        513 |       0 |    0 | 514 |      0 |      0 |            0 |
|   (PRIORITY_ENCODER_SYNTH_TEST) |            (top) |          1 |          1 |       0 |    0 | 257 |      0 |      0 |            0 |
|   U                             | PRIORITY_ENCODER |        512 |        512 |       0 |    0 | 257 |      0 |      0 |            0 |
+---------------------------------+------------------+------------+------------+---------+------+-----+--------+--------+--------------+
* Note: The sum of lower-level cells may be larger than their parent cells total, due to cross-hierarchy LUT combining


Copyright 1986-2016 Xilinx, Inc. All Rights Reserved.
------------------------------------------------------------------------------------
| Tool Version : Vivado v.2016.1 (win64) Build 1538259 Fri Apr  8 15:45:27 MDT 2016
| Date         : Thu Jun 30 14:01:54 2016
| Host         : DESKTOP-4KPN332 running 64-bit major release  (build 9200)
| Command      : report_timing -setup -file ./project_2_0256.rpt -append
| Design       : PRIORITY_ENCODER_SYNTH_TEST
| Device       : 7z010-clg400
| Speed File   : -1  PRODUCTION 1.11 2014-09-11
------------------------------------------------------------------------------------

Timing Report

Slack (VIOLATED) :        -0.193ns  (required time - arrival time)
  Source:                 I_REG_reg[60]/C
                            (rising edge-triggered cell FDCE clocked by CLK  {rise@0.000ns fall@2.500ns period=5.000ns})
  Destination:            U/MODE_2.Q_reg[169]/D
                            (rising edge-triggered cell FDCE clocked by CLK  {rise@0.000ns fall@2.500ns period=5.000ns})
  Path Group:             CLK
  Path Type:              Setup (Max at Slow Process Corner)
  Requirement:            5.000ns  (CLK rise@5.000ns - CLK rise@0.000ns)
  Data Path Delay:        5.097ns  (logic 1.450ns (28.445%)  route 3.647ns (71.555%))
  Logic Levels:           5  (LUT4=2 LUT5=2 LUT6=1)
  Clock Path Skew:        -0.137ns (DCD - SCD + CPR)
    Destination Clock Delay (DCD):    4.383ns = ( 9.383 - 5.000 ) 
    Source Clock Delay      (SCD):    4.975ns
    Clock Pessimism Removal (CPR):    0.455ns
  Clock Uncertainty:      0.035ns  ((TSJ^2 + TIJ^2)^1/2 + DJ) / 2 + PE
    Total System Jitter     (TSJ):    0.071ns
    Total Input Jitter      (TIJ):    0.000ns
    Discrete Jitter          (DJ):    0.000ns
    Phase Error              (PE):    0.000ns

    Location             Delay type                Incr(ns)  Path(ns)    Netlist Resource(s)
  -------------------------------------------------------------------    -------------------
                         (clock CLK rise edge)        0.000     0.000 r  
    U14                                               0.000     0.000 r  CLK (IN)
                         net (fo=0)                   0.000     0.000    CLK
    U14                  IBUF (Prop_ibuf_I_O)         1.046     1.046 r  CLK_IBUF_inst/O
                         net (fo=1, routed)           2.076     3.122    CLK_IBUF
    BUFGCTRL_X0Y0        BUFG (Prop_bufg_I_O)         0.101     3.223 r  CLK_IBUF_BUFG_inst/O
                         net (fo=514, routed)         1.752     4.975    CLK_IBUF_BUFG
    SLICE_X40Y10         FDCE                                         r  I_REG_reg[60]/C
  -------------------------------------------------------------------    -------------------
    SLICE_X40Y10         FDCE (Prop_fdce_C_Q)         0.419     5.394 f  I_REG_reg[60]/Q
                         net (fo=6, routed)           0.691     6.085    U/Q[60]
    SLICE_X41Y9          LUT4 (Prop_lut4_I1_O)        0.299     6.384 f  U/MODE_2.Q[63]_i_3/O
                         net (fo=2, routed)           0.308     6.692    U/MODE_2.Q[63]_i_3_n_0
    SLICE_X40Y10         LUT5 (Prop_lut5_I0_O)        0.124     6.816 f  U/MODE_2.Q[67]_i_5/O
                         net (fo=1, routed)           1.073     7.890    U/MODE_2.Q[67]_i_5_n_0
    SLICE_X33Y9          LUT6 (Prop_lut6_I4_O)        0.124     8.014 f  U/MODE_2.Q[67]_i_2/O
                         net (fo=19, routed)          0.751     8.765    U/MODE_2.Q[67]_i_2_n_0
    SLICE_X32Y9          LUT5 (Prop_lut5_I3_O)        0.153     8.918 f  U/MODE_2.Q[175]_i_3/O
                         net (fo=16, routed)          0.824     9.741    U/MODE_2.Q[175]_i_3_n_0
    SLICE_X32Y6          LUT4 (Prop_lut4_I0_O)        0.331    10.072 r  U/MODE_2.Q[169]_i_1/O
                         net (fo=1, routed)           0.000    10.072    U/result209_out
    SLICE_X32Y6          FDCE                                         r  U/MODE_2.Q_reg[169]/D
  -------------------------------------------------------------------    -------------------

                         (clock CLK rise edge)        5.000     5.000 r  
    U14                                               0.000     5.000 r  CLK (IN)
                         net (fo=0)                   0.000     5.000    CLK
    U14                  IBUF (Prop_ibuf_I_O)         0.912     5.912 r  CLK_IBUF_inst/O
                         net (fo=1, routed)           1.880     7.792    CLK_IBUF
    BUFGCTRL_X0Y0        BUFG (Prop_bufg_I_O)         0.091     7.883 r  CLK_IBUF_BUFG_inst/O
                         net (fo=514, routed)         1.500     9.383    U/CLK
    SLICE_X32Y6          FDCE                                         r  U/MODE_2.Q_reg[169]/C
                         clock pessimism              0.455     9.838    
                         clock uncertainty           -0.035     9.803    
    SLICE_X32Y6          FDCE (Setup_fdce_C_D)        0.077     9.880    U/MODE_2.Q_reg[169]
  -------------------------------------------------------------------
                         required time                          9.880    
                         arrival time                         -10.072    
  -------------------------------------------------------------------
                         slack                                 -0.193    




