Copyright 1986-2016 Xilinx, Inc. All Rights Reserved.
------------------------------------------------------------------------------------
| Tool Version : Vivado v.2016.1 (win64) Build 1538259 Fri Apr  8 15:45:27 MDT 2016
| Date         : Thu Jun 30 12:58:41 2016
| Host         : DESKTOP-4KPN332 running 64-bit major release  (build 9200)
| Command      : report_utilization -hierarchical -file ./project_2_0064.rpt
| Design       : PRIORITY_ENCODER_SYNTH_TEST
| Device       : 7z010clg400-1
| Design State : Fully Placed
------------------------------------------------------------------------------------

Utilization Design Information

Table of Contents
-----------------
1. Utilization by Hierarchy

1. Utilization by Hierarchy
---------------------------

+---------------------------------+------------------+------------+------------+---------+------+-----+--------+--------+--------------+
|             Instance            |      Module      | Total LUTs | Logic LUTs | LUTRAMs | SRLs | FFs | RAMB36 | RAMB18 | DSP48 Blocks |
+---------------------------------+------------------+------------+------------+---------+------+-----+--------+--------+--------------+
| PRIORITY_ENCODER_SYNTH_TEST     |            (top) |        166 |        166 |       0 |    0 | 130 |      0 |      0 |            0 |
|   (PRIORITY_ENCODER_SYNTH_TEST) |            (top) |          1 |          1 |       0 |    0 |  65 |      0 |      0 |            0 |
|   U                             | PRIORITY_ENCODER |        165 |        165 |       0 |    0 |  65 |      0 |      0 |            0 |
+---------------------------------+------------------+------------+------------+---------+------+-----+--------+--------+--------------+
* Note: The sum of lower-level cells may be larger than their parent cells total, due to cross-hierarchy LUT combining


Copyright 1986-2016 Xilinx, Inc. All Rights Reserved.
------------------------------------------------------------------------------------
| Tool Version : Vivado v.2016.1 (win64) Build 1538259 Fri Apr  8 15:45:27 MDT 2016
| Date         : Thu Jun 30 12:58:51 2016
| Host         : DESKTOP-4KPN332 running 64-bit major release  (build 9200)
| Command      : report_timing -setup -file ./project_2_0064.rpt -append
| Design       : PRIORITY_ENCODER_SYNTH_TEST
| Device       : 7z010-clg400
| Speed File   : -1  PRODUCTION 1.11 2014-09-11
------------------------------------------------------------------------------------

Timing Report

Slack (VIOLATED) :        -1.307ns  (required time - arrival time)
  Source:                 I_REG_reg[14]/C
                            (rising edge-triggered cell FDCE clocked by CLK  {rise@0.000ns fall@1.250ns period=2.500ns})
  Destination:            U/MODE_2.Q_reg[56]/D
                            (rising edge-triggered cell FDCE clocked by CLK  {rise@0.000ns fall@1.250ns period=2.500ns})
  Path Group:             CLK
  Path Type:              Setup (Max at Slow Process Corner)
  Requirement:            2.500ns  (CLK rise@2.500ns - CLK rise@0.000ns)
  Data Path Delay:        3.743ns  (logic 1.200ns (32.063%)  route 2.543ns (67.937%))
  Logic Levels:           6  (LUT3=1 LUT4=1 LUT6=4)
  Clock Path Skew:        -0.061ns (DCD - SCD + CPR)
    Destination Clock Delay (DCD):    4.459ns = ( 6.959 - 2.500 ) 
    Source Clock Delay      (SCD):    4.975ns
    Clock Pessimism Removal (CPR):    0.455ns
  Clock Uncertainty:      0.035ns  ((TSJ^2 + TIJ^2)^1/2 + DJ) / 2 + PE
    Total System Jitter     (TSJ):    0.071ns
    Total Input Jitter      (TIJ):    0.000ns
    Discrete Jitter          (DJ):    0.000ns
    Phase Error              (PE):    0.000ns

    Location             Delay type                Incr(ns)  Path(ns)    Netlist Resource(s)
  -------------------------------------------------------------------    -------------------
                         (clock CLK rise edge)        0.000     0.000 r  
    U14                                               0.000     0.000 r  CLK (IN)
                         net (fo=0)                   0.000     0.000    CLK
    U14                  IBUF (Prop_ibuf_I_O)         1.046     1.046 r  CLK_IBUF_inst/O
                         net (fo=1, routed)           2.076     3.122    CLK_IBUF
    BUFGCTRL_X0Y0        BUFG (Prop_bufg_I_O)         0.101     3.223 r  CLK_IBUF_BUFG_inst/O
                         net (fo=130, routed)         1.752     4.975    CLK_IBUF_BUFG
    SLICE_X39Y3          FDCE                                         r  I_REG_reg[14]/C
  -------------------------------------------------------------------    -------------------
    SLICE_X39Y3          FDCE (Prop_fdce_C_Q)         0.456     5.431 f  I_REG_reg[14]/Q
                         net (fo=4, routed)           0.657     6.088    U/Q[14]
    SLICE_X37Y3          LUT4 (Prop_lut4_I0_O)        0.124     6.212 f  U/MODE_2.Q[18]_i_3/O
                         net (fo=5, routed)           0.446     6.658    U/MODE_2.Q[18]_i_3_n_0
    SLICE_X37Y3          LUT6 (Prop_lut6_I1_O)        0.124     6.782 f  U/MODE_2.Q[21]_i_2/O
                         net (fo=6, routed)           0.311     7.093    U/MODE_2.Q[21]_i_2_n_0
    SLICE_X39Y3          LUT6 (Prop_lut6_I3_O)        0.124     7.217 f  U/MODE_2.Q[63]_i_11/O
                         net (fo=1, routed)           0.306     7.523    U/MODE_2.Q[63]_i_11_n_0
    SLICE_X40Y3          LUT6 (Prop_lut6_I3_O)        0.124     7.647 f  U/MODE_2.Q[63]_i_8/O
                         net (fo=3, routed)           0.330     7.977    U/MODE_2.Q[63]_i_8_n_0
    SLICE_X40Y5          LUT6 (Prop_lut6_I3_O)        0.124     8.101 r  U/MODE_2.Q[63]_i_2/O
                         net (fo=9, routed)           0.493     8.594    U/MODE_2.Q[63]_i_2_n_0
    SLICE_X43Y6          LUT3 (Prop_lut3_I0_O)        0.124     8.718 r  U/MODE_2.Q[56]_i_1/O
                         net (fo=1, routed)           0.000     8.718    U/result18_out
    SLICE_X43Y6          FDCE                                         r  U/MODE_2.Q_reg[56]/D
  -------------------------------------------------------------------    -------------------

                         (clock CLK rise edge)        2.500     2.500 r  
    U14                                               0.000     2.500 r  CLK (IN)
                         net (fo=0)                   0.000     2.500    CLK
    U14                  IBUF (Prop_ibuf_I_O)         0.912     3.412 r  CLK_IBUF_inst/O
                         net (fo=1, routed)           1.880     5.292    CLK_IBUF
    BUFGCTRL_X0Y0        BUFG (Prop_bufg_I_O)         0.091     5.383 r  CLK_IBUF_BUFG_inst/O
                         net (fo=130, routed)         1.576     6.959    U/CLK
    SLICE_X43Y6          FDCE                                         r  U/MODE_2.Q_reg[56]/C
                         clock pessimism              0.455     7.414    
                         clock uncertainty           -0.035     7.379    
    SLICE_X43Y6          FDCE (Setup_fdce_C_D)        0.032     7.411    U/MODE_2.Q_reg[56]
  -------------------------------------------------------------------
                         required time                          7.411    
                         arrival time                          -8.718    
  -------------------------------------------------------------------
                         slack                                 -1.307    




