Copyright 1986-2016 Xilinx, Inc. All Rights Reserved.
------------------------------------------------------------------------------------
| Tool Version : Vivado v.2016.1 (win64) Build 1538259 Fri Apr  8 15:45:27 MDT 2016
| Date         : Thu Jun 30 13:10:09 2016
| Host         : DESKTOP-4KPN332 running 64-bit major release  (build 9200)
| Command      : report_utilization -hierarchical -file ./project_3_0048.rpt
| Design       : PRIORITY_ENCODER_SYNTH_TEST
| Device       : 7z010clg400-1
| Design State : Routed
------------------------------------------------------------------------------------

Utilization Design Information

Table of Contents
-----------------
1. Utilization by Hierarchy

1. Utilization by Hierarchy
---------------------------

+---------------------------------+------------------+------------+------------+---------+------+-----+--------+--------+--------------+
|             Instance            |      Module      | Total LUTs | Logic LUTs | LUTRAMs | SRLs | FFs | RAMB36 | RAMB18 | DSP48 Blocks |
+---------------------------------+------------------+------------+------------+---------+------+-----+--------+--------+--------------+
| PRIORITY_ENCODER_SYNTH_TEST     |            (top) |        135 |        135 |       0 |    0 |  98 |      0 |      0 |            0 |
|   (PRIORITY_ENCODER_SYNTH_TEST) |            (top) |          1 |          1 |       0 |    0 |  49 |      0 |      0 |            0 |
|   U                             | PRIORITY_ENCODER |        134 |        134 |       0 |    0 |  49 |      0 |      0 |            0 |
+---------------------------------+------------------+------------+------------+---------+------+-----+--------+--------+--------------+
* Note: The sum of lower-level cells may be larger than their parent cells total, due to cross-hierarchy LUT combining


Copyright 1986-2016 Xilinx, Inc. All Rights Reserved.
------------------------------------------------------------------------------------
| Tool Version : Vivado v.2016.1 (win64) Build 1538259 Fri Apr  8 15:45:27 MDT 2016
| Date         : Thu Jun 30 13:10:19 2016
| Host         : DESKTOP-4KPN332 running 64-bit major release  (build 9200)
| Command      : report_timing -setup -file ./project_3_0048.rpt -append
| Design       : PRIORITY_ENCODER_SYNTH_TEST
| Device       : 7z010-clg400
| Speed File   : -1  PRODUCTION 1.11 2014-09-11
------------------------------------------------------------------------------------

Timing Report

Slack (VIOLATED) :        -0.650ns  (required time - arrival time)
  Source:                 I_REG_reg[1]/C
                            (rising edge-triggered cell FDCE clocked by CLK  {rise@0.000ns fall@1.250ns period=2.500ns})
  Destination:            U/MODE_3.Q_reg[27]/D
                            (rising edge-triggered cell FDCE clocked by CLK  {rise@0.000ns fall@1.250ns period=2.500ns})
  Path Group:             CLK
  Path Type:              Setup (Max at Slow Process Corner)
  Requirement:            2.500ns  (CLK rise@2.500ns - CLK rise@0.000ns)
  Data Path Delay:        3.133ns  (logic 0.828ns (26.428%)  route 2.305ns (73.572%))
  Logic Levels:           3  (LUT4=2 LUT5=1)
  Clock Path Skew:        -0.063ns (DCD - SCD + CPR)
    Destination Clock Delay (DCD):    4.451ns = ( 6.951 - 2.500 ) 
    Source Clock Delay      (SCD):    4.969ns
    Clock Pessimism Removal (CPR):    0.455ns
  Clock Uncertainty:      0.035ns  ((TSJ^2 + TIJ^2)^1/2 + DJ) / 2 + PE
    Total System Jitter     (TSJ):    0.071ns
    Total Input Jitter      (TIJ):    0.000ns
    Discrete Jitter          (DJ):    0.000ns
    Phase Error              (PE):    0.000ns

    Location             Delay type                Incr(ns)  Path(ns)    Netlist Resource(s)
  -------------------------------------------------------------------    -------------------
                         (clock CLK rise edge)        0.000     0.000 r  
    U14                                               0.000     0.000 r  CLK (IN)
                         net (fo=0)                   0.000     0.000    CLK
    U14                  IBUF (Prop_ibuf_I_O)         1.046     1.046 r  CLK_IBUF_inst/O
                         net (fo=1, routed)           2.076     3.122    CLK_IBUF
    BUFGCTRL_X0Y0        BUFG (Prop_bufg_I_O)         0.101     3.223 r  CLK_IBUF_BUFG_inst/O
                         net (fo=98, routed)          1.746     4.969    CLK_IBUF_BUFG
    SLICE_X41Y16         FDCE                                         r  I_REG_reg[1]/C
  -------------------------------------------------------------------    -------------------
    SLICE_X41Y16         FDCE (Prop_fdce_C_Q)         0.456     5.425 f  I_REG_reg[1]/Q
                         net (fo=8, routed)           0.524     5.949    U/Q[1]
    SLICE_X41Y16         LUT4 (Prop_lut4_I0_O)        0.124     6.073 f  U/MODE_3.Q[22]_i_3/O
                         net (fo=10, routed)          1.038     7.111    U/MODE_3.Q[22]_i_3_n_0
    SLICE_X41Y15         LUT5 (Prop_lut5_I1_O)        0.124     7.235 f  U/MODE_3.Q[43]_i_4/O
                         net (fo=18, routed)          0.743     7.978    U/MODE_3.Q[43]_i_4_n_0
    SLICE_X38Y16         LUT4 (Prop_lut4_I0_O)        0.124     8.102 r  U/MODE_3.Q[27]_i_1/O
                         net (fo=1, routed)           0.000     8.102    U/p_58_out
    SLICE_X38Y16         FDCE                                         r  U/MODE_3.Q_reg[27]/D
  -------------------------------------------------------------------    -------------------

                         (clock CLK rise edge)        2.500     2.500 r  
    U14                                               0.000     2.500 r  CLK (IN)
                         net (fo=0)                   0.000     2.500    CLK
    U14                  IBUF (Prop_ibuf_I_O)         0.912     3.412 r  CLK_IBUF_inst/O
                         net (fo=1, routed)           1.880     5.292    CLK_IBUF
    BUFGCTRL_X0Y0        BUFG (Prop_bufg_I_O)         0.091     5.383 r  CLK_IBUF_BUFG_inst/O
                         net (fo=98, routed)          1.568     6.951    U/CLK
    SLICE_X38Y16         FDCE                                         r  U/MODE_3.Q_reg[27]/C
                         clock pessimism              0.455     7.406    
                         clock uncertainty           -0.035     7.371    
    SLICE_X38Y16         FDCE (Setup_fdce_C_D)        0.081     7.452    U/MODE_3.Q_reg[27]
  -------------------------------------------------------------------
                         required time                          7.452    
                         arrival time                          -8.102    
  -------------------------------------------------------------------
                         slack                                 -0.650    




