Copyright 1986-2016 Xilinx, Inc. All Rights Reserved.
------------------------------------------------------------------------------------
| Tool Version : Vivado v.2016.1 (win64) Build 1538259 Fri Apr  8 15:45:27 MDT 2016
| Date         : Thu Jun 30 13:11:50 2016
| Host         : DESKTOP-4KPN332 running 64-bit major release  (build 9200)
| Command      : report_utilization -hierarchical -file ./project_3_0064.rpt
| Design       : PRIORITY_ENCODER_SYNTH_TEST
| Device       : 7z010clg400-1
| Design State : Routed
------------------------------------------------------------------------------------

Utilization Design Information

Table of Contents
-----------------
1. Utilization by Hierarchy

1. Utilization by Hierarchy
---------------------------

+---------------------------------+------------------+------------+------------+---------+------+-----+--------+--------+--------------+
|             Instance            |      Module      | Total LUTs | Logic LUTs | LUTRAMs | SRLs | FFs | RAMB36 | RAMB18 | DSP48 Blocks |
+---------------------------------+------------------+------------+------------+---------+------+-----+--------+--------+--------------+
| PRIORITY_ENCODER_SYNTH_TEST     |            (top) |        208 |        208 |       0 |    0 | 130 |      0 |      0 |            0 |
|   (PRIORITY_ENCODER_SYNTH_TEST) |            (top) |          1 |          1 |       0 |    0 |  65 |      0 |      0 |            0 |
|   U                             | PRIORITY_ENCODER |        207 |        207 |       0 |    0 |  65 |      0 |      0 |            0 |
+---------------------------------+------------------+------------+------------+---------+------+-----+--------+--------+--------------+
* Note: The sum of lower-level cells may be larger than their parent cells total, due to cross-hierarchy LUT combining


Copyright 1986-2016 Xilinx, Inc. All Rights Reserved.
------------------------------------------------------------------------------------
| Tool Version : Vivado v.2016.1 (win64) Build 1538259 Fri Apr  8 15:45:27 MDT 2016
| Date         : Thu Jun 30 13:12:00 2016
| Host         : DESKTOP-4KPN332 running 64-bit major release  (build 9200)
| Command      : report_timing -setup -file ./project_3_0064.rpt -append
| Design       : PRIORITY_ENCODER_SYNTH_TEST
| Device       : 7z010-clg400
| Speed File   : -1  PRODUCTION 1.11 2014-09-11
------------------------------------------------------------------------------------

Timing Report

Slack (VIOLATED) :        -0.901ns  (required time - arrival time)
  Source:                 I_REG_reg[8]/C
                            (rising edge-triggered cell FDCE clocked by CLK  {rise@0.000ns fall@1.250ns period=2.500ns})
  Destination:            U/MODE_3.Q_reg[48]/D
                            (rising edge-triggered cell FDCE clocked by CLK  {rise@0.000ns fall@1.250ns period=2.500ns})
  Path Group:             CLK
  Path Type:              Setup (Max at Slow Process Corner)
  Requirement:            2.500ns  (CLK rise@2.500ns - CLK rise@0.000ns)
  Data Path Delay:        3.307ns  (logic 0.890ns (26.909%)  route 2.417ns (73.091%))
  Logic Levels:           3  (LUT5=1 LUT6=2)
  Clock Path Skew:        -0.137ns (DCD - SCD + CPR)
    Destination Clock Delay (DCD):    4.384ns = ( 6.884 - 2.500 ) 
    Source Clock Delay      (SCD):    4.976ns
    Clock Pessimism Removal (CPR):    0.455ns
  Clock Uncertainty:      0.035ns  ((TSJ^2 + TIJ^2)^1/2 + DJ) / 2 + PE
    Total System Jitter     (TSJ):    0.071ns
    Total Input Jitter      (TIJ):    0.000ns
    Discrete Jitter          (DJ):    0.000ns
    Phase Error              (PE):    0.000ns

    Location             Delay type                Incr(ns)  Path(ns)    Netlist Resource(s)
  -------------------------------------------------------------------    -------------------
                         (clock CLK rise edge)        0.000     0.000 r  
    U14                                               0.000     0.000 r  CLK (IN)
                         net (fo=0)                   0.000     0.000    CLK
    U14                  IBUF (Prop_ibuf_I_O)         1.046     1.046 r  CLK_IBUF_inst/O
                         net (fo=1, routed)           2.076     3.122    CLK_IBUF
    BUFGCTRL_X0Y0        BUFG (Prop_bufg_I_O)         0.101     3.223 r  CLK_IBUF_BUFG_inst/O
                         net (fo=130, routed)         1.753     4.976    CLK_IBUF_BUFG
    SLICE_X38Y2          FDCE                                         r  I_REG_reg[8]/C
  -------------------------------------------------------------------    -------------------
    SLICE_X38Y2          FDCE (Prop_fdce_C_Q)         0.518     5.494 f  I_REG_reg[8]/Q
                         net (fo=7, routed)           0.870     6.364    U/Q[8]
    SLICE_X39Y2          LUT6 (Prop_lut6_I4_O)        0.124     6.488 f  U/MODE_3.Q[22]_i_2/O
                         net (fo=11, routed)          0.937     7.425    U/MODE_3.Q[22]_i_2_n_0
    SLICE_X35Y1          LUT6 (Prop_lut6_I1_O)        0.124     7.549 f  U/MODE_3.Q[56]_i_2/O
                         net (fo=11, routed)          0.611     8.159    U/MODE_3.Q[56]_i_2_n_0
    SLICE_X34Y1          LUT5 (Prop_lut5_I0_O)        0.124     8.283 r  U/MODE_3.Q[48]_i_1/O
                         net (fo=1, routed)           0.000     8.283    U/p_114_out
    SLICE_X34Y1          FDCE                                         r  U/MODE_3.Q_reg[48]/D
  -------------------------------------------------------------------    -------------------

                         (clock CLK rise edge)        2.500     2.500 r  
    U14                                               0.000     2.500 r  CLK (IN)
                         net (fo=0)                   0.000     2.500    CLK
    U14                  IBUF (Prop_ibuf_I_O)         0.912     3.412 r  CLK_IBUF_inst/O
                         net (fo=1, routed)           1.880     5.292    CLK_IBUF
    BUFGCTRL_X0Y0        BUFG (Prop_bufg_I_O)         0.091     5.383 r  CLK_IBUF_BUFG_inst/O
                         net (fo=130, routed)         1.501     6.884    U/CLK
    SLICE_X34Y1          FDCE                                         r  U/MODE_3.Q_reg[48]/C
                         clock pessimism              0.455     7.339    
                         clock uncertainty           -0.035     7.304    
    SLICE_X34Y1          FDCE (Setup_fdce_C_D)        0.079     7.383    U/MODE_3.Q_reg[48]
  -------------------------------------------------------------------
                         required time                          7.383    
                         arrival time                          -8.283    
  -------------------------------------------------------------------
                         slack                                 -0.901    




