Copyright 1986-2016 Xilinx, Inc. All Rights Reserved.
------------------------------------------------------------------------------------
| Tool Version : Vivado v.2016.1 (win64) Build 1538259 Fri Apr  8 15:45:27 MDT 2016
| Date         : Thu Jun 30 14:18:00 2016
| Host         : DESKTOP-4KPN332 running 64-bit major release  (build 9200)
| Command      : report_utilization -hierarchical -file ./project_3_0256.rpt
| Design       : PRIORITY_ENCODER_SYNTH_TEST
| Device       : 7z010clg400-1
| Design State : Routed
------------------------------------------------------------------------------------

Utilization Design Information

Table of Contents
-----------------
1. Utilization by Hierarchy

1. Utilization by Hierarchy
---------------------------

+---------------------------------+------------------+------------+------------+---------+------+-----+--------+--------+--------------+
|             Instance            |      Module      | Total LUTs | Logic LUTs | LUTRAMs | SRLs | FFs | RAMB36 | RAMB18 | DSP48 Blocks |
+---------------------------------+------------------+------------+------------+---------+------+-----+--------+--------+--------------+
| PRIORITY_ENCODER_SYNTH_TEST     |            (top) |        883 |        883 |       0 |    0 | 514 |      0 |      0 |            0 |
|   (PRIORITY_ENCODER_SYNTH_TEST) |            (top) |          1 |          1 |       0 |    0 | 257 |      0 |      0 |            0 |
|   U                             | PRIORITY_ENCODER |        882 |        882 |       0 |    0 | 257 |      0 |      0 |            0 |
+---------------------------------+------------------+------------+------------+---------+------+-----+--------+--------+--------------+
* Note: The sum of lower-level cells may be larger than their parent cells total, due to cross-hierarchy LUT combining


Copyright 1986-2016 Xilinx, Inc. All Rights Reserved.
------------------------------------------------------------------------------------
| Tool Version : Vivado v.2016.1 (win64) Build 1538259 Fri Apr  8 15:45:27 MDT 2016
| Date         : Thu Jun 30 14:18:10 2016
| Host         : DESKTOP-4KPN332 running 64-bit major release  (build 9200)
| Command      : report_timing -setup -file ./project_3_0256.rpt -append
| Design       : PRIORITY_ENCODER_SYNTH_TEST
| Device       : 7z010-clg400
| Speed File   : -1  PRODUCTION 1.11 2014-09-11
------------------------------------------------------------------------------------

Timing Report

Slack (VIOLATED) :        -0.246ns  (required time - arrival time)
  Source:                 I_REG_reg[18]/C
                            (rising edge-triggered cell FDCE clocked by CLK  {rise@0.000ns fall@2.500ns period=5.000ns})
  Destination:            U/MODE_3.Q_reg[52]/D
                            (rising edge-triggered cell FDCE clocked by CLK  {rise@0.000ns fall@2.500ns period=5.000ns})
  Path Group:             CLK
  Path Type:              Setup (Max at Slow Process Corner)
  Requirement:            5.000ns  (CLK rise@5.000ns - CLK rise@0.000ns)
  Data Path Delay:        5.020ns  (logic 1.188ns (23.666%)  route 3.832ns (76.334%))
  Logic Levels:           4  (LUT2=1 LUT4=1 LUT5=1 LUT6=1)
  Clock Path Skew:        -0.129ns (DCD - SCD + CPR)
    Destination Clock Delay (DCD):    4.378ns = ( 9.378 - 5.000 ) 
    Source Clock Delay      (SCD):    4.962ns
    Clock Pessimism Removal (CPR):    0.455ns
  Clock Uncertainty:      0.035ns  ((TSJ^2 + TIJ^2)^1/2 + DJ) / 2 + PE
    Total System Jitter     (TSJ):    0.071ns
    Total Input Jitter      (TIJ):    0.000ns
    Discrete Jitter          (DJ):    0.000ns
    Phase Error              (PE):    0.000ns

    Location             Delay type                Incr(ns)  Path(ns)    Netlist Resource(s)
  -------------------------------------------------------------------    -------------------
                         (clock CLK rise edge)        0.000     0.000 r  
    U14                                               0.000     0.000 r  CLK (IN)
                         net (fo=0)                   0.000     0.000    CLK
    U14                  IBUF (Prop_ibuf_I_O)         1.046     1.046 r  CLK_IBUF_inst/O
                         net (fo=1, routed)           2.076     3.122    CLK_IBUF
    BUFGCTRL_X0Y0        BUFG (Prop_bufg_I_O)         0.101     3.223 r  CLK_IBUF_BUFG_inst/O
                         net (fo=514, routed)         1.739     4.962    CLK_IBUF_BUFG
    SLICE_X36Y29         FDCE                                         r  I_REG_reg[18]/C
  -------------------------------------------------------------------    -------------------
    SLICE_X36Y29         FDCE (Prop_fdce_C_Q)         0.456     5.418 f  I_REG_reg[18]/Q
                         net (fo=12, routed)          0.993     6.411    U/Q[18]
    SLICE_X36Y31         LUT4 (Prop_lut4_I3_O)        0.152     6.563 f  U/MODE_3.Q[250]_i_12/O
                         net (fo=13, routed)          0.822     7.385    U/MODE_3.Q[250]_i_12_n_0
    SLICE_X35Y31         LUT6 (Prop_lut6_I3_O)        0.332     7.717 f  U/MODE_3.Q[252]_i_19/O
                         net (fo=6, routed)           0.800     8.517    U/MODE_3.Q[252]_i_19_n_0
    SLICE_X31Y32         LUT5 (Prop_lut5_I4_O)        0.124     8.641 f  U/MODE_3.Q[60]_i_2/O
                         net (fo=2, routed)           0.649     9.290    U/MODE_3.Q[60]_i_2_n_0
    SLICE_X32Y35         LUT2 (Prop_lut2_I1_O)        0.124     9.414 r  U/MODE_3.Q[52]_i_1/O
                         net (fo=1, routed)           0.568     9.982    U/p_124_out
    SLICE_X33Y35         FDCE                                         r  U/MODE_3.Q_reg[52]/D
  -------------------------------------------------------------------    -------------------

                         (clock CLK rise edge)        5.000     5.000 r  
    U14                                               0.000     5.000 r  CLK (IN)
                         net (fo=0)                   0.000     5.000    CLK
    U14                  IBUF (Prop_ibuf_I_O)         0.912     5.912 r  CLK_IBUF_inst/O
                         net (fo=1, routed)           1.880     7.792    CLK_IBUF
    BUFGCTRL_X0Y0        BUFG (Prop_bufg_I_O)         0.091     7.883 r  CLK_IBUF_BUFG_inst/O
                         net (fo=514, routed)         1.495     9.378    U/CLK
    SLICE_X33Y35         FDCE                                         r  U/MODE_3.Q_reg[52]/C
                         clock pessimism              0.455     9.833    
                         clock uncertainty           -0.035     9.798    
    SLICE_X33Y35         FDCE (Setup_fdce_C_D)       -0.062     9.736    U/MODE_3.Q_reg[52]
  -------------------------------------------------------------------
                         required time                          9.736    
                         arrival time                          -9.982    
  -------------------------------------------------------------------
                         slack                                 -0.246    




