Copyright 1986-2016 Xilinx, Inc. All Rights Reserved.
------------------------------------------------------------------------------------
| Tool Version : Vivado v.2016.1 (win64) Build 1538259 Fri Apr  8 15:45:27 MDT 2016
| Date         : Thu Jun 30 12:45:32 2016
| Host         : DESKTOP-4KPN332 running 64-bit major release  (build 9200)
| Command      : report_utilization -hierarchical -file ./project_1_0064.rpt
| Design       : PRIORITY_ENCODER_SYNTH_TEST
| Device       : 7z010clg400-1
| Design State : Routed
------------------------------------------------------------------------------------

Utilization Design Information

Table of Contents
-----------------
1. Utilization by Hierarchy

1. Utilization by Hierarchy
---------------------------

+---------------------------------+------------------+------------+------------+---------+------+-----+--------+--------+--------------+
|             Instance            |      Module      | Total LUTs | Logic LUTs | LUTRAMs | SRLs | FFs | RAMB36 | RAMB18 | DSP48 Blocks |
+---------------------------------+------------------+------------+------------+---------+------+-----+--------+--------+--------------+
| PRIORITY_ENCODER_SYNTH_TEST     |            (top) |        162 |        162 |       0 |    0 | 130 |      0 |      0 |            0 |
|   (PRIORITY_ENCODER_SYNTH_TEST) |            (top) |          1 |          1 |       0 |    0 |  65 |      0 |      0 |            0 |
|   U                             | PRIORITY_ENCODER |        162 |        162 |       0 |    0 |  65 |      0 |      0 |            0 |
+---------------------------------+------------------+------------+------------+---------+------+-----+--------+--------+--------------+
* Note: The sum of lower-level cells may be larger than their parent cells total, due to cross-hierarchy LUT combining


Copyright 1986-2016 Xilinx, Inc. All Rights Reserved.
------------------------------------------------------------------------------------
| Tool Version : Vivado v.2016.1 (win64) Build 1538259 Fri Apr  8 15:45:27 MDT 2016
| Date         : Thu Jun 30 12:45:42 2016
| Host         : DESKTOP-4KPN332 running 64-bit major release  (build 9200)
| Command      : report_timing -setup -file ./project_1_0064.rpt -append
| Design       : PRIORITY_ENCODER_SYNTH_TEST
| Device       : 7z010-clg400
| Speed File   : -1  PRODUCTION 1.11 2014-09-11
------------------------------------------------------------------------------------

Timing Report

Slack (VIOLATED) :        -0.883ns  (required time - arrival time)
  Source:                 I_REG_reg[0]/C
                            (rising edge-triggered cell FDCE clocked by CLK  {rise@0.000ns fall@1.250ns period=2.500ns})
  Destination:            U/MODE_1.Q_reg[40]/D
                            (rising edge-triggered cell FDCE clocked by CLK  {rise@0.000ns fall@1.250ns period=2.500ns})
  Path Group:             CLK
  Path Type:              Setup (Max at Slow Process Corner)
  Requirement:            2.500ns  (CLK rise@2.500ns - CLK rise@0.000ns)
  Data Path Delay:        3.315ns  (logic 0.952ns (28.719%)  route 2.363ns (71.281%))
  Logic Levels:           4  (LUT5=2 LUT6=2)
  Clock Path Skew:        -0.062ns (DCD - SCD + CPR)
    Destination Clock Delay (DCD):    4.459ns = ( 6.959 - 2.500 ) 
    Source Clock Delay      (SCD):    4.976ns
    Clock Pessimism Removal (CPR):    0.455ns
  Clock Uncertainty:      0.035ns  ((TSJ^2 + TIJ^2)^1/2 + DJ) / 2 + PE
    Total System Jitter     (TSJ):    0.071ns
    Total Input Jitter      (TIJ):    0.000ns
    Discrete Jitter          (DJ):    0.000ns
    Phase Error              (PE):    0.000ns

    Location             Delay type                Incr(ns)  Path(ns)    Netlist Resource(s)
  -------------------------------------------------------------------    -------------------
                         (clock CLK rise edge)        0.000     0.000 r  
    U14                                               0.000     0.000 r  CLK (IN)
                         net (fo=0)                   0.000     0.000    CLK
    U14                  IBUF (Prop_ibuf_I_O)         1.046     1.046 r  CLK_IBUF_inst/O
                         net (fo=1, routed)           2.076     3.122    CLK_IBUF
    BUFGCTRL_X0Y0        BUFG (Prop_bufg_I_O)         0.101     3.223 r  CLK_IBUF_BUFG_inst/O
                         net (fo=130, routed)         1.753     4.976    CLK_IBUF_BUFG
    SLICE_X37Y2          FDCE                                         r  I_REG_reg[0]/C
  -------------------------------------------------------------------    -------------------
    SLICE_X37Y2          FDCE (Prop_fdce_C_Q)         0.456     5.432 f  I_REG_reg[0]/Q
                         net (fo=8, routed)           0.806     6.238    U/Q[0]
    SLICE_X38Y2          LUT5 (Prop_lut5_I0_O)        0.124     6.362 f  U/MODE_1.Q[9]_i_2/O
                         net (fo=9, routed)           0.702     7.064    U/MODE_1.Q[9]_i_2_n_0
    SLICE_X41Y3          LUT6 (Prop_lut6_I2_O)        0.124     7.188 r  U/MODE_1.Q[29]_i_2/O
                         net (fo=9, routed)           0.505     7.693    U/MODE_1.Q[29]_i_2_n_0
    SLICE_X42Y3          LUT6 (Prop_lut6_I3_O)        0.124     7.817 r  U/MODE_1.Q[44]_i_3/O
                         net (fo=7, routed)           0.350     8.167    U/MODE_1.Q[44]_i_3_n_0
    SLICE_X43Y4          LUT5 (Prop_lut5_I0_O)        0.124     8.291 r  U/MODE_1.Q[40]_i_1/O
                         net (fo=1, routed)           0.000     8.291    U/result57_out
    SLICE_X43Y4          FDCE                                         r  U/MODE_1.Q_reg[40]/D
  -------------------------------------------------------------------    -------------------

                         (clock CLK rise edge)        2.500     2.500 r  
    U14                                               0.000     2.500 r  CLK (IN)
                         net (fo=0)                   0.000     2.500    CLK
    U14                  IBUF (Prop_ibuf_I_O)         0.912     3.412 r  CLK_IBUF_inst/O
                         net (fo=1, routed)           1.880     5.292    CLK_IBUF
    BUFGCTRL_X0Y0        BUFG (Prop_bufg_I_O)         0.091     5.383 r  CLK_IBUF_BUFG_inst/O
                         net (fo=130, routed)         1.576     6.959    U/CLK
    SLICE_X43Y4          FDCE                                         r  U/MODE_1.Q_reg[40]/C
                         clock pessimism              0.455     7.414    
                         clock uncertainty           -0.035     7.379    
    SLICE_X43Y4          FDCE (Setup_fdce_C_D)        0.029     7.408    U/MODE_1.Q_reg[40]
  -------------------------------------------------------------------
                         required time                          7.408    
                         arrival time                          -8.291    
  -------------------------------------------------------------------
                         slack                                 -0.883    




