Copyright 1986-2016 Xilinx, Inc. All Rights Reserved.
------------------------------------------------------------------------------------
| Tool Version : Vivado v.2016.1 (win64) Build 1538259 Fri Apr  8 15:45:27 MDT 2016
| Date         : Thu Jun 30 14:03:45 2016
| Host         : DESKTOP-4KPN332 running 64-bit major release  (build 9200)
| Command      : report_utilization -hierarchical -file ./project_2_0384.rpt
| Design       : PRIORITY_ENCODER_SYNTH_TEST
| Device       : 7z010clg400-1
| Design State : Routed
------------------------------------------------------------------------------------

Utilization Design Information

Table of Contents
-----------------
1. Utilization by Hierarchy

1. Utilization by Hierarchy
---------------------------

+---------------------------------+------------------+------------+------------+---------+------+-----+--------+--------+--------------+
|             Instance            |      Module      | Total LUTs | Logic LUTs | LUTRAMs | SRLs | FFs | RAMB36 | RAMB18 | DSP48 Blocks |
+---------------------------------+------------------+------------+------------+---------+------+-----+--------+--------+--------------+
| PRIORITY_ENCODER_SYNTH_TEST     |            (top) |        704 |        704 |       0 |    0 | 770 |      0 |      0 |            0 |
|   (PRIORITY_ENCODER_SYNTH_TEST) |            (top) |          1 |          1 |       0 |    0 | 385 |      0 |      0 |            0 |
|   U                             | PRIORITY_ENCODER |        703 |        703 |       0 |    0 | 385 |      0 |      0 |            0 |
+---------------------------------+------------------+------------+------------+---------+------+-----+--------+--------+--------------+
* Note: The sum of lower-level cells may be larger than their parent cells total, due to cross-hierarchy LUT combining


Copyright 1986-2016 Xilinx, Inc. All Rights Reserved.
------------------------------------------------------------------------------------
| Tool Version : Vivado v.2016.1 (win64) Build 1538259 Fri Apr  8 15:45:27 MDT 2016
| Date         : Thu Jun 30 14:03:55 2016
| Host         : DESKTOP-4KPN332 running 64-bit major release  (build 9200)
| Command      : report_timing -setup -file ./project_2_0384.rpt -append
| Design       : PRIORITY_ENCODER_SYNTH_TEST
| Device       : 7z010-clg400
| Speed File   : -1  PRODUCTION 1.11 2014-09-11
------------------------------------------------------------------------------------

Timing Report

Slack (VIOLATED) :        -0.335ns  (required time - arrival time)
  Source:                 I_REG_reg[128]/C
                            (rising edge-triggered cell FDCE clocked by CLK  {rise@0.000ns fall@2.500ns period=5.000ns})
  Destination:            U/MODE_2.Q_reg[295]/D
                            (rising edge-triggered cell FDCE clocked by CLK  {rise@0.000ns fall@2.500ns period=5.000ns})
  Path Group:             CLK
  Path Type:              Setup (Max at Slow Process Corner)
  Requirement:            5.000ns  (CLK rise@5.000ns - CLK rise@0.000ns)
  Data Path Delay:        5.188ns  (logic 1.076ns (20.741%)  route 4.112ns (79.259%))
  Logic Levels:           5  (LUT4=1 LUT6=4)
  Clock Path Skew:        -0.143ns (DCD - SCD + CPR)
    Destination Clock Delay (DCD):    4.372ns = ( 9.372 - 5.000 ) 
    Source Clock Delay      (SCD):    4.970ns
    Clock Pessimism Removal (CPR):    0.455ns
  Clock Uncertainty:      0.035ns  ((TSJ^2 + TIJ^2)^1/2 + DJ) / 2 + PE
    Total System Jitter     (TSJ):    0.071ns
    Total Input Jitter      (TIJ):    0.000ns
    Discrete Jitter          (DJ):    0.000ns
    Phase Error              (PE):    0.000ns

    Location             Delay type                Incr(ns)  Path(ns)    Netlist Resource(s)
  -------------------------------------------------------------------    -------------------
                         (clock CLK rise edge)        0.000     0.000 r  
    U14                                               0.000     0.000 r  CLK (IN)
                         net (fo=0)                   0.000     0.000    CLK
    U14                  IBUF (Prop_ibuf_I_O)         1.046     1.046 r  CLK_IBUF_inst/O
                         net (fo=1, routed)           2.076     3.122    CLK_IBUF
    BUFGCTRL_X0Y0        BUFG (Prop_bufg_I_O)         0.101     3.223 r  CLK_IBUF_BUFG_inst/O
                         net (fo=770, routed)         1.747     4.970    CLK_IBUF_BUFG
    SLICE_X39Y14         FDCE                                         r  I_REG_reg[128]/C
  -------------------------------------------------------------------    -------------------
    SLICE_X39Y14         FDCE (Prop_fdce_C_Q)         0.456     5.426 f  I_REG_reg[128]/Q
                         net (fo=7, routed)           0.863     6.289    U/Q[128]
    SLICE_X36Y15         LUT4 (Prop_lut4_I0_O)        0.124     6.413 f  U/MODE_2.Q[135]_i_2/O
                         net (fo=6, routed)           0.600     7.013    U/MODE_2.Q[135]_i_2_n_0
    SLICE_X38Y15         LUT6 (Prop_lut6_I3_O)        0.124     7.137 f  U/MODE_2.Q[159]_i_4/O
                         net (fo=4, routed)           0.981     8.118    U/MODE_2.Q[159]_i_4_n_0
    SLICE_X34Y13         LUT6 (Prop_lut6_I2_O)        0.124     8.242 f  U/MODE_2.Q[383]_i_10/O
                         net (fo=7, routed)           1.007     9.249    U/MODE_2.Q[383]_i_10_n_0
    SLICE_X35Y16         LUT6 (Prop_lut6_I2_O)        0.124     9.373 f  U/MODE_2.Q[303]_i_3/O
                         net (fo=16, routed)          0.661    10.034    U/MODE_2.Q[303]_i_3_n_0
    SLICE_X35Y20         LUT6 (Prop_lut6_I0_O)        0.124    10.158 r  U/MODE_2.Q[295]_i_1/O
                         net (fo=1, routed)           0.000    10.158    U/result214_out
    SLICE_X35Y20         FDCE                                         r  U/MODE_2.Q_reg[295]/D
  -------------------------------------------------------------------    -------------------

                         (clock CLK rise edge)        5.000     5.000 r  
    U14                                               0.000     5.000 r  CLK (IN)
                         net (fo=0)                   0.000     5.000    CLK
    U14                  IBUF (Prop_ibuf_I_O)         0.912     5.912 r  CLK_IBUF_inst/O
                         net (fo=1, routed)           1.880     7.792    CLK_IBUF
    BUFGCTRL_X0Y0        BUFG (Prop_bufg_I_O)         0.091     7.883 r  CLK_IBUF_BUFG_inst/O
                         net (fo=770, routed)         1.489     9.372    U/CLK
    SLICE_X35Y20         FDCE                                         r  U/MODE_2.Q_reg[295]/C
                         clock pessimism              0.455     9.827    
                         clock uncertainty           -0.035     9.792    
    SLICE_X35Y20         FDCE (Setup_fdce_C_D)        0.031     9.823    U/MODE_2.Q_reg[295]
  -------------------------------------------------------------------
                         required time                          9.823    
                         arrival time                         -10.158    
  -------------------------------------------------------------------
                         slack                                 -0.335    




