Copyright 1986-2016 Xilinx, Inc. All Rights Reserved.
------------------------------------------------------------------------------------
| Tool Version : Vivado v.2016.1 (win64) Build 1538259 Fri Apr  8 15:45:27 MDT 2016
| Date         : Thu Jun 30 14:05:52 2016
| Host         : DESKTOP-4KPN332 running 64-bit major release  (build 9200)
| Command      : report_utilization -hierarchical -file ./project_2_0512.rpt
| Design       : PRIORITY_ENCODER_SYNTH_TEST
| Device       : 7z010clg400-1
| Design State : Routed
------------------------------------------------------------------------------------

Utilization Design Information

Table of Contents
-----------------
1. Utilization by Hierarchy

1. Utilization by Hierarchy
---------------------------

+---------------------------------+------------------+------------+------------+---------+------+------+--------+--------+--------------+
|             Instance            |      Module      | Total LUTs | Logic LUTs | LUTRAMs | SRLs |  FFs | RAMB36 | RAMB18 | DSP48 Blocks |
+---------------------------------+------------------+------------+------------+---------+------+------+--------+--------+--------------+
| PRIORITY_ENCODER_SYNTH_TEST     |            (top) |        904 |        904 |       0 |    0 | 1026 |      0 |      0 |            0 |
|   (PRIORITY_ENCODER_SYNTH_TEST) |            (top) |          1 |          1 |       0 |    0 |  513 |      0 |      0 |            0 |
|   U                             | PRIORITY_ENCODER |        903 |        903 |       0 |    0 |  513 |      0 |      0 |            0 |
+---------------------------------+------------------+------------+------------+---------+------+------+--------+--------+--------------+
* Note: The sum of lower-level cells may be larger than their parent cells total, due to cross-hierarchy LUT combining


Copyright 1986-2016 Xilinx, Inc. All Rights Reserved.
------------------------------------------------------------------------------------
| Tool Version : Vivado v.2016.1 (win64) Build 1538259 Fri Apr  8 15:45:27 MDT 2016
| Date         : Thu Jun 30 14:06:02 2016
| Host         : DESKTOP-4KPN332 running 64-bit major release  (build 9200)
| Command      : report_timing -setup -file ./project_2_0512.rpt -append
| Design       : PRIORITY_ENCODER_SYNTH_TEST
| Device       : 7z010-clg400
| Speed File   : -1  PRODUCTION 1.11 2014-09-11
------------------------------------------------------------------------------------

Timing Report

Slack (VIOLATED) :        -1.096ns  (required time - arrival time)
  Source:                 I_REG_reg[199]/C
                            (rising edge-triggered cell FDCE clocked by CLK  {rise@0.000ns fall@2.500ns period=5.000ns})
  Destination:            U/MODE_2.Q_reg[468]/D
                            (rising edge-triggered cell FDCE clocked by CLK  {rise@0.000ns fall@2.500ns period=5.000ns})
  Path Group:             CLK
  Path Type:              Setup (Max at Slow Process Corner)
  Requirement:            5.000ns  (CLK rise@5.000ns - CLK rise@0.000ns)
  Data Path Delay:        5.909ns  (logic 1.335ns (22.591%)  route 4.574ns (77.409%))
  Logic Levels:           6  (LUT4=2 LUT5=1 LUT6=3)
  Clock Path Skew:        -0.182ns (DCD - SCD + CPR)
    Destination Clock Delay (DCD):    4.373ns = ( 9.373 - 5.000 ) 
    Source Clock Delay      (SCD):    4.896ns
    Clock Pessimism Removal (CPR):    0.340ns
  Clock Uncertainty:      0.035ns  ((TSJ^2 + TIJ^2)^1/2 + DJ) / 2 + PE
    Total System Jitter     (TSJ):    0.071ns
    Total Input Jitter      (TIJ):    0.000ns
    Discrete Jitter          (DJ):    0.000ns
    Phase Error              (PE):    0.000ns

    Location             Delay type                Incr(ns)  Path(ns)    Netlist Resource(s)
  -------------------------------------------------------------------    -------------------
                         (clock CLK rise edge)        0.000     0.000 r  
    U14                                               0.000     0.000 r  CLK (IN)
                         net (fo=0)                   0.000     0.000    CLK
    U14                  IBUF (Prop_ibuf_I_O)         1.046     1.046 r  CLK_IBUF_inst/O
                         net (fo=1, routed)           2.076     3.122    CLK_IBUF
    BUFGCTRL_X0Y0        BUFG (Prop_bufg_I_O)         0.101     3.223 r  CLK_IBUF_BUFG_inst/O
                         net (fo=1026, routed)        1.673     4.896    CLK_IBUF_BUFG
    SLICE_X33Y42         FDCE                                         r  I_REG_reg[199]/C
  -------------------------------------------------------------------    -------------------
    SLICE_X33Y42         FDCE (Prop_fdce_C_Q)         0.419     5.315 f  I_REG_reg[199]/Q
                         net (fo=4, routed)           0.756     6.071    U/Q[199]
    SLICE_X32Y41         LUT4 (Prop_lut4_I3_O)        0.296     6.367 f  U/MODE_2.Q[223]_i_6/O
                         net (fo=2, routed)           0.858     7.225    U/MODE_2.Q[223]_i_6_n_0
    SLICE_X32Y41         LUT6 (Prop_lut6_I1_O)        0.124     7.349 f  U/MODE_2.Q[223]_i_5/O
                         net (fo=4, routed)           0.682     8.031    U/MODE_2.Q[223]_i_5_n_0
    SLICE_X32Y39         LUT6 (Prop_lut6_I2_O)        0.124     8.155 f  U/MODE_2.Q[391]_i_5/O
                         net (fo=1, routed)           0.822     8.977    U/MODE_2.Q[391]_i_5_n_0
    SLICE_X35Y40         LUT6 (Prop_lut6_I1_O)        0.124     9.101 r  U/MODE_2.Q[391]_i_2/O
                         net (fo=13, routed)          0.597     9.699    U/MODE_2.Q[391]_i_2_n_0
    SLICE_X35Y44         LUT5 (Prop_lut5_I0_O)        0.124     9.823 r  U/MODE_2.Q[479]_i_3/O
                         net (fo=32, routed)          0.859    10.681    U/MODE_2.Q[479]_i_3_n_0
    SLICE_X35Y52         LUT4 (Prop_lut4_I2_O)        0.124    10.805 r  U/MODE_2.Q[468]_i_1/O
                         net (fo=1, routed)           0.000    10.805    U/result105_out
    SLICE_X35Y52         FDCE                                         r  U/MODE_2.Q_reg[468]/D
  -------------------------------------------------------------------    -------------------

                         (clock CLK rise edge)        5.000     5.000 r  
    U14                                               0.000     5.000 r  CLK (IN)
                         net (fo=0)                   0.000     5.000    CLK
    U14                  IBUF (Prop_ibuf_I_O)         0.912     5.912 r  CLK_IBUF_inst/O
                         net (fo=1, routed)           1.880     7.792    CLK_IBUF
    BUFGCTRL_X0Y0        BUFG (Prop_bufg_I_O)         0.091     7.883 r  CLK_IBUF_BUFG_inst/O
                         net (fo=1026, routed)        1.491     9.373    U/CLK
    SLICE_X35Y52         FDCE                                         r  U/MODE_2.Q_reg[468]/C
                         clock pessimism              0.340     9.714    
                         clock uncertainty           -0.035     9.678    
    SLICE_X35Y52         FDCE (Setup_fdce_C_D)        0.031     9.709    U/MODE_2.Q_reg[468]
  -------------------------------------------------------------------
                         required time                          9.709    
                         arrival time                         -10.805    
  -------------------------------------------------------------------
                         slack                                 -1.096    




