Copyright 1986-2016 Xilinx, Inc. All Rights Reserved.
------------------------------------------------------------------------------------
| Tool Version : Vivado v.2016.1 (win64) Build 1538259 Fri Apr  8 15:45:27 MDT 2016
| Date         : Thu Jun 30 14:22:38 2016
| Host         : DESKTOP-4KPN332 running 64-bit major release  (build 9200)
| Command      : report_utilization -hierarchical -file ./project_3_0384.rpt
| Design       : PRIORITY_ENCODER_SYNTH_TEST
| Device       : 7z010clg400-1
| Design State : Routed
------------------------------------------------------------------------------------

Utilization Design Information

Table of Contents
-----------------
1. Utilization by Hierarchy

1. Utilization by Hierarchy
---------------------------

+---------------------------------+------------------+------------+------------+---------+------+-----+--------+--------+--------------+
|             Instance            |      Module      | Total LUTs | Logic LUTs | LUTRAMs | SRLs | FFs | RAMB36 | RAMB18 | DSP48 Blocks |
+---------------------------------+------------------+------------+------------+---------+------+-----+--------+--------+--------------+
| PRIORITY_ENCODER_SYNTH_TEST     |            (top) |       1665 |       1665 |       0 |    0 | 770 |      0 |      0 |            0 |
|   (PRIORITY_ENCODER_SYNTH_TEST) |            (top) |          0 |          0 |       0 |    0 | 385 |      0 |      0 |            0 |
|   U                             | PRIORITY_ENCODER |       1665 |       1665 |       0 |    0 | 385 |      0 |      0 |            0 |
+---------------------------------+------------------+------------+------------+---------+------+-----+--------+--------+--------------+
* Note: The sum of lower-level cells may be larger than their parent cells total, due to cross-hierarchy LUT combining


Copyright 1986-2016 Xilinx, Inc. All Rights Reserved.
------------------------------------------------------------------------------------
| Tool Version : Vivado v.2016.1 (win64) Build 1538259 Fri Apr  8 15:45:27 MDT 2016
| Date         : Thu Jun 30 14:22:48 2016
| Host         : DESKTOP-4KPN332 running 64-bit major release  (build 9200)
| Command      : report_timing -setup -file ./project_3_0384.rpt -append
| Design       : PRIORITY_ENCODER_SYNTH_TEST
| Device       : 7z010-clg400
| Speed File   : -1  PRODUCTION 1.11 2014-09-11
------------------------------------------------------------------------------------

Timing Report

Slack (VIOLATED) :        -0.672ns  (required time - arrival time)
  Source:                 I_REG_reg[238]/C
                            (rising edge-triggered cell FDCE clocked by CLK  {rise@0.000ns fall@2.500ns period=5.000ns})
  Destination:            U/MODE_3.Q_reg[369]/D
                            (rising edge-triggered cell FDCE clocked by CLK  {rise@0.000ns fall@2.500ns period=5.000ns})
  Path Group:             CLK
  Path Type:              Setup (Max at Slow Process Corner)
  Requirement:            5.000ns  (CLK rise@5.000ns - CLK rise@0.000ns)
  Data Path Delay:        5.648ns  (logic 1.214ns (21.495%)  route 4.434ns (78.505%))
  Logic Levels:           5  (LUT2=1 LUT4=1 LUT5=1 LUT6=2)
  Clock Path Skew:        -0.068ns (DCD - SCD + CPR)
    Destination Clock Delay (DCD):    4.381ns = ( 9.381 - 5.000 ) 
    Source Clock Delay      (SCD):    4.904ns
    Clock Pessimism Removal (CPR):    0.455ns
  Clock Uncertainty:      0.035ns  ((TSJ^2 + TIJ^2)^1/2 + DJ) / 2 + PE
    Total System Jitter     (TSJ):    0.071ns
    Total Input Jitter      (TIJ):    0.000ns
    Discrete Jitter          (DJ):    0.000ns
    Phase Error              (PE):    0.000ns

    Location             Delay type                Incr(ns)  Path(ns)    Netlist Resource(s)
  -------------------------------------------------------------------    -------------------
                         (clock CLK rise edge)        0.000     0.000 r  
    U14                                               0.000     0.000 r  CLK (IN)
                         net (fo=0)                   0.000     0.000    CLK
    U14                  IBUF (Prop_ibuf_I_O)         1.046     1.046 r  CLK_IBUF_inst/O
                         net (fo=1, routed)           2.076     3.122    CLK_IBUF
    BUFGCTRL_X0Y0        BUFG (Prop_bufg_I_O)         0.101     3.223 r  CLK_IBUF_BUFG_inst/O
                         net (fo=770, routed)         1.681     4.904    CLK_IBUF_BUFG
    SLICE_X13Y43         FDCE                                         r  I_REG_reg[238]/C
  -------------------------------------------------------------------    -------------------
    SLICE_X13Y43         FDCE (Prop_fdce_C_Q)         0.419     5.323 f  I_REG_reg[238]/Q
                         net (fo=12, routed)          1.119     6.442    U/Q[238]
    SLICE_X11Y47         LUT4 (Prop_lut4_I0_O)        0.299     6.741 f  U/MODE_3.Q[377]_i_34/O
                         net (fo=3, routed)           0.572     7.313    U/MODE_3.Q[377]_i_34_n_0
    SLICE_X12Y47         LUT5 (Prop_lut5_I4_O)        0.124     7.437 f  U/MODE_3.Q[369]_i_25/O
                         net (fo=1, routed)           0.542     7.979    U/MODE_3.Q[369]_i_25_n_0
    SLICE_X11Y44         LUT6 (Prop_lut6_I5_O)        0.124     8.103 f  U/MODE_3.Q[369]_i_9/O
                         net (fo=4, routed)           0.910     9.012    U/MODE_3.Q[369]_i_9_n_0
    SLICE_X14Y43         LUT2 (Prop_lut2_I1_O)        0.124     9.136 f  U/MODE_3.Q[369]_i_2/O
                         net (fo=5, routed)           1.291    10.428    U/MODE_3.Q[369]_i_2_n_0
    SLICE_X20Y42         LUT6 (Prop_lut6_I0_O)        0.124    10.552 r  U/MODE_3.Q[369]_i_1/O
                         net (fo=1, routed)           0.000    10.552    U/p_889_out
    SLICE_X20Y42         FDCE                                         r  U/MODE_3.Q_reg[369]/D
  -------------------------------------------------------------------    -------------------

                         (clock CLK rise edge)        5.000     5.000 r  
    U14                                               0.000     5.000 r  CLK (IN)
                         net (fo=0)                   0.000     5.000    CLK
    U14                  IBUF (Prop_ibuf_I_O)         0.912     5.912 r  CLK_IBUF_inst/O
                         net (fo=1, routed)           1.880     7.792    CLK_IBUF
    BUFGCTRL_X0Y0        BUFG (Prop_bufg_I_O)         0.091     7.883 r  CLK_IBUF_BUFG_inst/O
                         net (fo=770, routed)         1.498     9.381    U/CLK_IBUF_BUFG
    SLICE_X20Y42         FDCE                                         r  U/MODE_3.Q_reg[369]/C
                         clock pessimism              0.455     9.836    
                         clock uncertainty           -0.035     9.801    
    SLICE_X20Y42         FDCE (Setup_fdce_C_D)        0.079     9.880    U/MODE_3.Q_reg[369]
  -------------------------------------------------------------------
                         required time                          9.880    
                         arrival time                         -10.552    
  -------------------------------------------------------------------
                         slack                                 -0.672    




