Copyright 1986-2016 Xilinx, Inc. All Rights Reserved.
------------------------------------------------------------------------------------
| Tool Version : Vivado v.2016.1 (win64) Build 1538259 Fri Apr  8 15:45:27 MDT 2016
| Date         : Thu Jun 30 13:46:56 2016
| Host         : DESKTOP-4KPN332 running 64-bit major release  (build 9200)
| Command      : report_utilization -hierarchical -file ./project_1_0224.rpt
| Design       : PRIORITY_ENCODER_SYNTH_TEST
| Device       : 7z010clg400-1
| Design State : Routed
------------------------------------------------------------------------------------

Utilization Design Information

Table of Contents
-----------------
1. Utilization by Hierarchy

1. Utilization by Hierarchy
---------------------------

+---------------------------------+------------------+------------+------------+---------+------+-----+--------+--------+--------------+
|             Instance            |      Module      | Total LUTs | Logic LUTs | LUTRAMs | SRLs | FFs | RAMB36 | RAMB18 | DSP48 Blocks |
+---------------------------------+------------------+------------+------------+---------+------+-----+--------+--------+--------------+
| PRIORITY_ENCODER_SYNTH_TEST     |            (top) |        520 |        520 |       0 |    0 | 450 |      0 |      0 |            0 |
|   (PRIORITY_ENCODER_SYNTH_TEST) |            (top) |          1 |          1 |       0 |    0 | 225 |      0 |      0 |            0 |
|   U                             | PRIORITY_ENCODER |        519 |        519 |       0 |    0 | 225 |      0 |      0 |            0 |
+---------------------------------+------------------+------------+------------+---------+------+-----+--------+--------+--------------+
* Note: The sum of lower-level cells may be larger than their parent cells total, due to cross-hierarchy LUT combining


Copyright 1986-2016 Xilinx, Inc. All Rights Reserved.
------------------------------------------------------------------------------------
| Tool Version : Vivado v.2016.1 (win64) Build 1538259 Fri Apr  8 15:45:27 MDT 2016
| Date         : Thu Jun 30 13:47:07 2016
| Host         : DESKTOP-4KPN332 running 64-bit major release  (build 9200)
| Command      : report_timing -setup -file ./project_1_0224.rpt -append
| Design       : PRIORITY_ENCODER_SYNTH_TEST
| Device       : 7z010-clg400
| Speed File   : -1  PRODUCTION 1.11 2014-09-11
------------------------------------------------------------------------------------

Timing Report

Slack (VIOLATED) :        -0.531ns  (required time - arrival time)
  Source:                 I_REG_reg[43]/C
                            (rising edge-triggered cell FDCE clocked by CLK  {rise@0.000ns fall@2.500ns period=5.000ns})
  Destination:            U/MODE_1.Q_reg[96]/D
                            (rising edge-triggered cell FDCE clocked by CLK  {rise@0.000ns fall@2.500ns period=5.000ns})
  Path Group:             CLK
  Path Type:              Setup (Max at Slow Process Corner)
  Requirement:            5.000ns  (CLK rise@5.000ns - CLK rise@0.000ns)
  Data Path Delay:        5.433ns  (logic 1.411ns (25.973%)  route 4.022ns (74.027%))
  Logic Levels:           7  (LUT2=1 LUT4=1 LUT5=3 LUT6=2)
  Clock Path Skew:        -0.138ns (DCD - SCD + CPR)
    Destination Clock Delay (DCD):    4.368ns = ( 9.368 - 5.000 ) 
    Source Clock Delay      (SCD):    4.961ns
    Clock Pessimism Removal (CPR):    0.455ns
  Clock Uncertainty:      0.035ns  ((TSJ^2 + TIJ^2)^1/2 + DJ) / 2 + PE
    Total System Jitter     (TSJ):    0.071ns
    Total Input Jitter      (TIJ):    0.000ns
    Discrete Jitter          (DJ):    0.000ns
    Phase Error              (PE):    0.000ns

    Location             Delay type                Incr(ns)  Path(ns)    Netlist Resource(s)
  -------------------------------------------------------------------    -------------------
                         (clock CLK rise edge)        0.000     0.000 r  
    U14                                               0.000     0.000 r  CLK (IN)
                         net (fo=0)                   0.000     0.000    CLK
    U14                  IBUF (Prop_ibuf_I_O)         1.046     1.046 r  CLK_IBUF_inst/O
                         net (fo=1, routed)           2.076     3.122    CLK_IBUF
    BUFGCTRL_X0Y0        BUFG (Prop_bufg_I_O)         0.101     3.223 r  CLK_IBUF_BUFG_inst/O
                         net (fo=450, routed)         1.738     4.961    CLK_IBUF_BUFG
    SLICE_X38Y28         FDCE                                         r  I_REG_reg[43]/C
  -------------------------------------------------------------------    -------------------
    SLICE_X38Y28         FDCE (Prop_fdce_C_Q)         0.518     5.479 f  I_REG_reg[43]/Q
                         net (fo=6, routed)           0.800     6.279    U/Q[43]
    SLICE_X37Y28         LUT4 (Prop_lut4_I0_O)        0.124     6.403 f  U/MODE_1.Q[53]_i_3/O
                         net (fo=3, routed)           0.589     6.992    U/MODE_1.Q[53]_i_3_n_0
    SLICE_X32Y28         LUT5 (Prop_lut5_I0_O)        0.124     7.116 f  U/MODE_1.Z_i_14/O
                         net (fo=2, routed)           0.807     7.923    U/MODE_1.Z_i_14_n_0
    SLICE_X33Y29         LUT6 (Prop_lut6_I2_O)        0.124     8.047 f  U/MODE_1.Q[101]_i_2/O
                         net (fo=14, routed)          0.356     8.403    U/MODE_1.Q[101]_i_2_n_0
    SLICE_X33Y27         LUT2 (Prop_lut2_I1_O)        0.124     8.527 f  U/MODE_1.Q[84]_i_2/O
                         net (fo=6, routed)           0.338     8.865    U/MODE_1.Q[84]_i_2_n_0
    SLICE_X32Y26         LUT6 (Prop_lut6_I5_O)        0.124     8.989 r  U/MODE_1.Q[93]_i_2/O
                         net (fo=6, routed)           0.326     9.314    U/MODE_1.Q[93]_i_2_n_0
    SLICE_X33Y25         LUT5 (Prop_lut5_I4_O)        0.124     9.438 f  U/MODE_1.Q[96]_i_2/O
                         net (fo=3, routed)           0.806    10.245    U/MODE_1.Q[96]_i_2_n_0
    SLICE_X35Y26         LUT5 (Prop_lut5_I0_O)        0.149    10.394 r  U/MODE_1.Q[96]_i_1/O
                         net (fo=1, routed)           0.000    10.394    U/result308_out
    SLICE_X35Y26         FDCE                                         r  U/MODE_1.Q_reg[96]/D
  -------------------------------------------------------------------    -------------------

                         (clock CLK rise edge)        5.000     5.000 r  
    U14                                               0.000     5.000 r  CLK (IN)
                         net (fo=0)                   0.000     5.000    CLK
    U14                  IBUF (Prop_ibuf_I_O)         0.912     5.912 r  CLK_IBUF_inst/O
                         net (fo=1, routed)           1.880     7.792    CLK_IBUF
    BUFGCTRL_X0Y0        BUFG (Prop_bufg_I_O)         0.091     7.883 r  CLK_IBUF_BUFG_inst/O
                         net (fo=450, routed)         1.485     9.368    U/CLK
    SLICE_X35Y26         FDCE                                         r  U/MODE_1.Q_reg[96]/C
                         clock pessimism              0.455     9.823    
                         clock uncertainty           -0.035     9.788    
    SLICE_X35Y26         FDCE (Setup_fdce_C_D)        0.075     9.863    U/MODE_1.Q_reg[96]
  -------------------------------------------------------------------
                         required time                          9.863    
                         arrival time                         -10.394    
  -------------------------------------------------------------------
                         slack                                 -0.531    




