Copyright 1986-2016 Xilinx, Inc. All Rights Reserved.
------------------------------------------------------------------------------------
| Tool Version : Vivado v.2016.1 (win64) Build 1538259 Fri Apr  8 15:45:27 MDT 2016
| Date         : Thu Jun 30 14:50:31 2016
| Host         : DESKTOP-4KPN332 running 64-bit major release  (build 9200)
| Command      : report_utilization -hierarchical -file ./project_5_0224.rpt
| Design       : PRIORITY_ENCODER_SYNTH_TEST
| Device       : 7z010clg400-1
| Design State : Routed
------------------------------------------------------------------------------------

Utilization Design Information

Table of Contents
-----------------
1. Utilization by Hierarchy

1. Utilization by Hierarchy
---------------------------

+---------------------------------+------------------+------------+------------+---------+------+-----+--------+--------+--------------+
|             Instance            |      Module      | Total LUTs | Logic LUTs | LUTRAMs | SRLs | FFs | RAMB36 | RAMB18 | DSP48 Blocks |
+---------------------------------+------------------+------------+------------+---------+------+-----+--------+--------+--------------+
| PRIORITY_ENCODER_SYNTH_TEST     |            (top) |        627 |        627 |       0 |    0 | 450 |      0 |      0 |            0 |
|   (PRIORITY_ENCODER_SYNTH_TEST) |            (top) |          1 |          1 |       0 |    0 | 225 |      0 |      0 |            0 |
|   U                             | PRIORITY_ENCODER |        626 |        626 |       0 |    0 | 225 |      0 |      0 |            0 |
+---------------------------------+------------------+------------+------------+---------+------+-----+--------+--------+--------------+
* Note: The sum of lower-level cells may be larger than their parent cells total, due to cross-hierarchy LUT combining


Copyright 1986-2016 Xilinx, Inc. All Rights Reserved.
------------------------------------------------------------------------------------
| Tool Version : Vivado v.2016.1 (win64) Build 1538259 Fri Apr  8 15:45:27 MDT 2016
| Date         : Thu Jun 30 14:50:41 2016
| Host         : DESKTOP-4KPN332 running 64-bit major release  (build 9200)
| Command      : report_timing -setup -file ./project_5_0224.rpt -append
| Design       : PRIORITY_ENCODER_SYNTH_TEST
| Device       : 7z010-clg400
| Speed File   : -1  PRODUCTION 1.11 2014-09-11
------------------------------------------------------------------------------------

Timing Report

Slack (MET) :             0.078ns  (required time - arrival time)
  Source:                 I_REG_reg[35]/C
                            (rising edge-triggered cell FDCE clocked by CLK  {rise@0.000ns fall@2.500ns period=5.000ns})
  Destination:            U/MODE_5.Q_reg[221]/D
                            (rising edge-triggered cell FDCE clocked by CLK  {rise@0.000ns fall@2.500ns period=5.000ns})
  Path Group:             CLK
  Path Type:              Setup (Max at Slow Process Corner)
  Requirement:            5.000ns  (CLK rise@5.000ns - CLK rise@0.000ns)
  Data Path Delay:        4.907ns  (logic 1.087ns (22.153%)  route 3.820ns (77.847%))
  Logic Levels:           4  (LUT4=1 LUT5=2 LUT6=1)
  Clock Path Skew:        -0.057ns (DCD - SCD + CPR)
    Destination Clock Delay (DCD):    4.443ns = ( 9.443 - 5.000 ) 
    Source Clock Delay      (SCD):    4.955ns
    Clock Pessimism Removal (CPR):    0.455ns
  Clock Uncertainty:      0.035ns  ((TSJ^2 + TIJ^2)^1/2 + DJ) / 2 + PE
    Total System Jitter     (TSJ):    0.071ns
    Total Input Jitter      (TIJ):    0.000ns
    Discrete Jitter          (DJ):    0.000ns
    Phase Error              (PE):    0.000ns

    Location             Delay type                Incr(ns)  Path(ns)    Netlist Resource(s)
  -------------------------------------------------------------------    -------------------
                         (clock CLK rise edge)        0.000     0.000 r  
    U14                                               0.000     0.000 r  CLK (IN)
                         net (fo=0)                   0.000     0.000    CLK
    U14                  IBUF (Prop_ibuf_I_O)         1.046     1.046 r  CLK_IBUF_inst/O
                         net (fo=1, routed)           2.076     3.122    CLK_IBUF
    BUFGCTRL_X0Y0        BUFG (Prop_bufg_I_O)         0.101     3.223 r  CLK_IBUF_BUFG_inst/O
                         net (fo=450, routed)         1.732     4.955    CLK_IBUF_BUFG
    SLICE_X37Y24         FDCE                                         r  I_REG_reg[35]/C
  -------------------------------------------------------------------    -------------------
    SLICE_X37Y24         FDCE (Prop_fdce_C_Q)         0.419     5.374 f  I_REG_reg[35]/Q
                         net (fo=5, routed)           0.723     6.097    U/Q[35]
    SLICE_X38Y23         LUT4 (Prop_lut4_I0_O)        0.296     6.393 f  U/MODE_5.Z_i_43/O
                         net (fo=2, routed)           0.437     6.830    U/MODE_5.Z_i_43_n_0
    SLICE_X38Y22         LUT5 (Prop_lut5_I4_O)        0.124     6.954 f  U/MODE_5.Z_i_15/O
                         net (fo=1, routed)           1.261     8.215    U/MODE_5.Z_i_15_n_0
    SLICE_X37Y27         LUT5 (Prop_lut5_I4_O)        0.124     8.339 r  U/MODE_5.Z_i_3/O
                         net (fo=113, routed)         1.399     9.738    U/MODE_5.Z_i_3_n_0
    SLICE_X38Y26         LUT6 (Prop_lut6_I3_O)        0.124     9.862 r  U/MODE_5.Q[221]_i_1/O
                         net (fo=1, routed)           0.000     9.862    U/o_data[221]
    SLICE_X38Y26         FDCE                                         r  U/MODE_5.Q_reg[221]/D
  -------------------------------------------------------------------    -------------------

                         (clock CLK rise edge)        5.000     5.000 r  
    U14                                               0.000     5.000 r  CLK (IN)
                         net (fo=0)                   0.000     5.000    CLK
    U14                  IBUF (Prop_ibuf_I_O)         0.912     5.912 r  CLK_IBUF_inst/O
                         net (fo=1, routed)           1.880     7.792    CLK_IBUF
    BUFGCTRL_X0Y0        BUFG (Prop_bufg_I_O)         0.091     7.883 r  CLK_IBUF_BUFG_inst/O
                         net (fo=450, routed)         1.560     9.443    U/CLK
    SLICE_X38Y26         FDCE                                         r  U/MODE_5.Q_reg[221]/C
                         clock pessimism              0.455     9.898    
                         clock uncertainty           -0.035     9.863    
    SLICE_X38Y26         FDCE (Setup_fdce_C_D)        0.077     9.940    U/MODE_5.Q_reg[221]
  -------------------------------------------------------------------
                         required time                          9.940    
                         arrival time                          -9.862    
  -------------------------------------------------------------------
                         slack                                  0.078    




