Copyright 1986-2016 Xilinx, Inc. All Rights Reserved.
------------------------------------------------------------------------------------
| Tool Version : Vivado v.2016.1 (win64) Build 1538259 Fri Apr  8 15:45:27 MDT 2016
| Date         : Thu Jun 30 13:26:51 2016
| Host         : DESKTOP-4KPN332 running 64-bit major release  (build 9200)
| Command      : report_utilization -hierarchical -file ./project_4_0096.rpt
| Design       : PRIORITY_ENCODER_SYNTH_TEST
| Device       : 7z010clg400-1
| Design State : Routed
------------------------------------------------------------------------------------

Utilization Design Information

Table of Contents
-----------------
1. Utilization by Hierarchy

1. Utilization by Hierarchy
---------------------------

+---------------------------------+------------------+------------+------------+---------+------+-----+--------+--------+--------------+
|             Instance            |      Module      | Total LUTs | Logic LUTs | LUTRAMs | SRLs | FFs | RAMB36 | RAMB18 | DSP48 Blocks |
+---------------------------------+------------------+------------+------------+---------+------+-----+--------+--------+--------------+
| PRIORITY_ENCODER_SYNTH_TEST     |            (top) |        306 |        306 |       0 |    0 | 194 |      0 |      0 |            0 |
|   (PRIORITY_ENCODER_SYNTH_TEST) |            (top) |          1 |          1 |       0 |    0 |  97 |      0 |      0 |            0 |
|   U                             | PRIORITY_ENCODER |        305 |        305 |       0 |    0 |  97 |      0 |      0 |            0 |
+---------------------------------+------------------+------------+------------+---------+------+-----+--------+--------+--------------+
* Note: The sum of lower-level cells may be larger than their parent cells total, due to cross-hierarchy LUT combining


Copyright 1986-2016 Xilinx, Inc. All Rights Reserved.
------------------------------------------------------------------------------------
| Tool Version : Vivado v.2016.1 (win64) Build 1538259 Fri Apr  8 15:45:27 MDT 2016
| Date         : Thu Jun 30 13:27:02 2016
| Host         : DESKTOP-4KPN332 running 64-bit major release  (build 9200)
| Command      : report_timing -setup -file ./project_4_0096.rpt -append
| Design       : PRIORITY_ENCODER_SYNTH_TEST
| Device       : 7z010-clg400
| Speed File   : -1  PRODUCTION 1.11 2014-09-11
------------------------------------------------------------------------------------

Timing Report

Slack (VIOLATED) :        -2.390ns  (required time - arrival time)
  Source:                 I_REG_reg[1]/C
                            (rising edge-triggered cell FDCE clocked by CLK  {rise@0.000ns fall@1.250ns period=2.500ns})
  Destination:            U/MODE_4.Q_reg[94]/D
                            (rising edge-triggered cell FDCE clocked by CLK  {rise@0.000ns fall@1.250ns period=2.500ns})
  Path Group:             CLK
  Path Type:              Setup (Max at Slow Process Corner)
  Requirement:            2.500ns  (CLK rise@2.500ns - CLK rise@0.000ns)
  Data Path Delay:        4.844ns  (logic 4.257ns (87.873%)  route 0.587ns (12.127%))
  Logic Levels:           26  (CARRY4=24 LUT1=1 LUT2=1)
  Clock Path Skew:        -0.041ns (DCD - SCD + CPR)
    Destination Clock Delay (DCD):    4.444ns = ( 6.944 - 2.500 ) 
    Source Clock Delay      (SCD):    4.978ns
    Clock Pessimism Removal (CPR):    0.493ns
  Clock Uncertainty:      0.035ns  ((TSJ^2 + TIJ^2)^1/2 + DJ) / 2 + PE
    Total System Jitter     (TSJ):    0.071ns
    Total Input Jitter      (TIJ):    0.000ns
    Discrete Jitter          (DJ):    0.000ns
    Phase Error              (PE):    0.000ns

    Location             Delay type                Incr(ns)  Path(ns)    Netlist Resource(s)
  -------------------------------------------------------------------    -------------------
                         (clock CLK rise edge)        0.000     0.000 r  
    U14                                               0.000     0.000 r  CLK (IN)
                         net (fo=0)                   0.000     0.000    CLK
    U14                  IBUF (Prop_ibuf_I_O)         1.046     1.046 r  CLK_IBUF_inst/O
                         net (fo=1, routed)           2.076     3.122    CLK_IBUF
    BUFGCTRL_X0Y0        BUFG (Prop_bufg_I_O)         0.101     3.223 r  CLK_IBUF_BUFG_inst/O
                         net (fo=194, routed)         1.755     4.978    CLK_IBUF_BUFG
    SLICE_X41Y0          FDCE                                         r  I_REG_reg[1]/C
  -------------------------------------------------------------------    -------------------
    SLICE_X41Y0          FDCE (Prop_fdce_C_Q)         0.456     5.434 f  I_REG_reg[1]/Q
                         net (fo=5, routed)           0.288     5.722    U/Q[1]
    SLICE_X40Y0          LUT1 (Prop_lut1_I0_O)        0.124     5.846 r  U/minusOp_carry_i_4/O
                         net (fo=1, routed)           0.000     5.846    U/minusOp_carry_i_4_n_0
    SLICE_X40Y0          CARRY4 (Prop_carry4_S[0]_CO[3])
                                                      0.532     6.378 r  U/minusOp_carry/CO[3]
                         net (fo=1, routed)           0.000     6.378    U/minusOp_carry_n_0
    SLICE_X40Y1          CARRY4 (Prop_carry4_CI_CO[3])
                                                      0.114     6.492 r  U/minusOp_carry__0/CO[3]
                         net (fo=1, routed)           0.000     6.492    U/minusOp_carry__0_n_0
    SLICE_X40Y2          CARRY4 (Prop_carry4_CI_CO[3])
                                                      0.114     6.606 r  U/minusOp_carry__1/CO[3]
                         net (fo=1, routed)           0.000     6.606    U/minusOp_carry__1_n_0
    SLICE_X40Y3          CARRY4 (Prop_carry4_CI_CO[3])
                                                      0.114     6.720 r  U/minusOp_carry__2/CO[3]
                         net (fo=1, routed)           0.000     6.720    U/minusOp_carry__2_n_0
    SLICE_X40Y4          CARRY4 (Prop_carry4_CI_CO[3])
                                                      0.114     6.834 r  U/minusOp_carry__3/CO[3]
                         net (fo=1, routed)           0.000     6.834    U/minusOp_carry__3_n_0
    SLICE_X40Y5          CARRY4 (Prop_carry4_CI_CO[3])
                                                      0.114     6.948 r  U/minusOp_carry__4/CO[3]
                         net (fo=1, routed)           0.000     6.948    U/minusOp_carry__4_n_0
    SLICE_X40Y6          CARRY4 (Prop_carry4_CI_CO[3])
                                                      0.114     7.062 r  U/minusOp_carry__5/CO[3]
                         net (fo=1, routed)           0.000     7.062    U/minusOp_carry__5_n_0
    SLICE_X40Y7          CARRY4 (Prop_carry4_CI_CO[3])
                                                      0.114     7.176 r  U/minusOp_carry__6/CO[3]
                         net (fo=1, routed)           0.000     7.176    U/minusOp_carry__6_n_0
    SLICE_X40Y8          CARRY4 (Prop_carry4_CI_CO[3])
                                                      0.114     7.290 r  U/minusOp_carry__7/CO[3]
                         net (fo=1, routed)           0.000     7.290    U/minusOp_carry__7_n_0
    SLICE_X40Y9          CARRY4 (Prop_carry4_CI_CO[3])
                                                      0.114     7.404 r  U/minusOp_carry__8/CO[3]
                         net (fo=1, routed)           0.000     7.404    U/minusOp_carry__8_n_0
    SLICE_X40Y10         CARRY4 (Prop_carry4_CI_CO[3])
                                                      0.114     7.518 r  U/minusOp_carry__9/CO[3]
                         net (fo=1, routed)           0.000     7.518    U/minusOp_carry__9_n_0
    SLICE_X40Y11         CARRY4 (Prop_carry4_CI_CO[3])
                                                      0.114     7.632 r  U/minusOp_carry__10/CO[3]
                         net (fo=1, routed)           0.000     7.632    U/minusOp_carry__10_n_0
    SLICE_X40Y12         CARRY4 (Prop_carry4_CI_CO[3])
                                                      0.114     7.746 r  U/minusOp_carry__11/CO[3]
                         net (fo=1, routed)           0.000     7.746    U/minusOp_carry__11_n_0
    SLICE_X40Y13         CARRY4 (Prop_carry4_CI_CO[3])
                                                      0.114     7.860 r  U/minusOp_carry__12/CO[3]
                         net (fo=1, routed)           0.000     7.860    U/minusOp_carry__12_n_0
    SLICE_X40Y14         CARRY4 (Prop_carry4_CI_CO[3])
                                                      0.114     7.974 r  U/minusOp_carry__13/CO[3]
                         net (fo=1, routed)           0.000     7.974    U/minusOp_carry__13_n_0
    SLICE_X40Y15         CARRY4 (Prop_carry4_CI_CO[3])
                                                      0.114     8.088 r  U/minusOp_carry__14/CO[3]
                         net (fo=1, routed)           0.000     8.088    U/minusOp_carry__14_n_0
    SLICE_X40Y16         CARRY4 (Prop_carry4_CI_CO[3])
                                                      0.114     8.202 r  U/minusOp_carry__15/CO[3]
                         net (fo=1, routed)           0.000     8.202    U/minusOp_carry__15_n_0
    SLICE_X40Y17         CARRY4 (Prop_carry4_CI_CO[3])
                                                      0.114     8.316 r  U/minusOp_carry__16/CO[3]
                         net (fo=1, routed)           0.000     8.316    U/minusOp_carry__16_n_0
    SLICE_X40Y18         CARRY4 (Prop_carry4_CI_CO[3])
                                                      0.114     8.430 r  U/minusOp_carry__17/CO[3]
                         net (fo=1, routed)           0.000     8.430    U/minusOp_carry__17_n_0
    SLICE_X40Y19         CARRY4 (Prop_carry4_CI_CO[3])
                                                      0.114     8.544 r  U/minusOp_carry__18/CO[3]
                         net (fo=1, routed)           0.000     8.544    U/minusOp_carry__18_n_0
    SLICE_X40Y20         CARRY4 (Prop_carry4_CI_CO[3])
                                                      0.114     8.658 r  U/minusOp_carry__19/CO[3]
                         net (fo=1, routed)           0.000     8.658    U/minusOp_carry__19_n_0
    SLICE_X40Y21         CARRY4 (Prop_carry4_CI_CO[3])
                                                      0.114     8.772 r  U/minusOp_carry__20/CO[3]
                         net (fo=1, routed)           0.000     8.772    U/minusOp_carry__20_n_0
    SLICE_X40Y22         CARRY4 (Prop_carry4_CI_CO[3])
                                                      0.114     8.886 r  U/minusOp_carry__21/CO[3]
                         net (fo=1, routed)           0.000     8.886    U/minusOp_carry__21_n_0
    SLICE_X40Y23         CARRY4 (Prop_carry4_CI_O[1])
                                                      0.334     9.220 f  U/minusOp_carry__22/O[1]
                         net (fo=1, routed)           0.299     9.519    U/minusOp_carry__22_n_6
    SLICE_X41Y23         LUT2 (Prop_lut2_I1_O)        0.303     9.822 r  U/MODE_4.Q[94]_i_1/O
                         net (fo=1, routed)           0.000     9.822    U/MODE_4.Q[94]_i_1_n_0
    SLICE_X41Y23         FDCE                                         r  U/MODE_4.Q_reg[94]/D
  -------------------------------------------------------------------    -------------------

                         (clock CLK rise edge)        2.500     2.500 r  
    U14                                               0.000     2.500 r  CLK (IN)
                         net (fo=0)                   0.000     2.500    CLK
    U14                  IBUF (Prop_ibuf_I_O)         0.912     3.412 r  CLK_IBUF_inst/O
                         net (fo=1, routed)           1.880     5.292    CLK_IBUF
    BUFGCTRL_X0Y0        BUFG (Prop_bufg_I_O)         0.091     5.383 r  CLK_IBUF_BUFG_inst/O
                         net (fo=194, routed)         1.561     6.944    U/CLK
    SLICE_X41Y23         FDCE                                         r  U/MODE_4.Q_reg[94]/C
                         clock pessimism              0.493     7.437    
                         clock uncertainty           -0.035     7.402    
    SLICE_X41Y23         FDCE (Setup_fdce_C_D)        0.031     7.433    U/MODE_4.Q_reg[94]
  -------------------------------------------------------------------
                         required time                          7.433    
                         arrival time                          -9.822    
  -------------------------------------------------------------------
                         slack                                 -2.390    




