Copyright 1986-2016 Xilinx, Inc. All Rights Reserved.
------------------------------------------------------------------------------------
| Tool Version : Vivado v.2016.1 (win64) Build 1538259 Fri Apr  8 15:45:27 MDT 2016
| Date         : Thu Jun 30 13:54:28 2016
| Host         : DESKTOP-4KPN332 running 64-bit major release  (build 9200)
| Command      : report_utilization -hierarchical -file ./project_2_0128.rpt
| Design       : PRIORITY_ENCODER_SYNTH_TEST
| Device       : 7z010clg400-1
| Design State : Routed
------------------------------------------------------------------------------------

Utilization Design Information

Table of Contents
-----------------
1. Utilization by Hierarchy

1. Utilization by Hierarchy
---------------------------

+---------------------------------+------------------+------------+------------+---------+------+-----+--------+--------+--------------+
|             Instance            |      Module      | Total LUTs | Logic LUTs | LUTRAMs | SRLs | FFs | RAMB36 | RAMB18 | DSP48 Blocks |
+---------------------------------+------------------+------------+------------+---------+------+-----+--------+--------+--------------+
| PRIORITY_ENCODER_SYNTH_TEST     |            (top) |        227 |        227 |       0 |    0 | 258 |      0 |      0 |            0 |
|   (PRIORITY_ENCODER_SYNTH_TEST) |            (top) |          1 |          1 |       0 |    0 | 129 |      0 |      0 |            0 |
|   U                             | PRIORITY_ENCODER |        226 |        226 |       0 |    0 | 129 |      0 |      0 |            0 |
+---------------------------------+------------------+------------+------------+---------+------+-----+--------+--------+--------------+
* Note: The sum of lower-level cells may be larger than their parent cells total, due to cross-hierarchy LUT combining


Copyright 1986-2016 Xilinx, Inc. All Rights Reserved.
------------------------------------------------------------------------------------
| Tool Version : Vivado v.2016.1 (win64) Build 1538259 Fri Apr  8 15:45:27 MDT 2016
| Date         : Thu Jun 30 13:54:38 2016
| Host         : DESKTOP-4KPN332 running 64-bit major release  (build 9200)
| Command      : report_timing -setup -file ./project_2_0128.rpt -append
| Design       : PRIORITY_ENCODER_SYNTH_TEST
| Device       : 7z010-clg400
| Speed File   : -1  PRODUCTION 1.11 2014-09-11
------------------------------------------------------------------------------------

Timing Report

Slack (MET) :             0.496ns  (required time - arrival time)
  Source:                 I_REG_reg[41]/C
                            (rising edge-triggered cell FDCE clocked by CLK  {rise@0.000ns fall@2.500ns period=5.000ns})
  Destination:            U/MODE_2.Q_reg[101]/D
                            (rising edge-triggered cell FDCE clocked by CLK  {rise@0.000ns fall@2.500ns period=5.000ns})
  Path Group:             CLK
  Path Type:              Setup (Max at Slow Process Corner)
  Requirement:            5.000ns  (CLK rise@5.000ns - CLK rise@0.000ns)
  Data Path Delay:        4.472ns  (logic 0.952ns (21.289%)  route 3.520ns (78.711%))
  Logic Levels:           4  (LUT4=2 LUT6=2)
  Clock Path Skew:        -0.028ns (DCD - SCD + CPR)
    Destination Clock Delay (DCD):    4.456ns = ( 9.456 - 5.000 ) 
    Source Clock Delay      (SCD):    4.976ns
    Clock Pessimism Removal (CPR):    0.492ns
  Clock Uncertainty:      0.035ns  ((TSJ^2 + TIJ^2)^1/2 + DJ) / 2 + PE
    Total System Jitter     (TSJ):    0.071ns
    Total Input Jitter      (TIJ):    0.000ns
    Discrete Jitter          (DJ):    0.000ns
    Phase Error              (PE):    0.000ns

    Location             Delay type                Incr(ns)  Path(ns)    Netlist Resource(s)
  -------------------------------------------------------------------    -------------------
                         (clock CLK rise edge)        0.000     0.000 r  
    U14                                               0.000     0.000 r  CLK (IN)
                         net (fo=0)                   0.000     0.000    CLK
    U14                  IBUF (Prop_ibuf_I_O)         1.046     1.046 r  CLK_IBUF_inst/O
                         net (fo=1, routed)           2.076     3.122    CLK_IBUF
    BUFGCTRL_X0Y0        BUFG (Prop_bufg_I_O)         0.101     3.223 r  CLK_IBUF_BUFG_inst/O
                         net (fo=258, routed)         1.753     4.976    CLK_IBUF_BUFG
    SLICE_X37Y2          FDCE                                         r  I_REG_reg[41]/C
  -------------------------------------------------------------------    -------------------
    SLICE_X37Y2          FDCE (Prop_fdce_C_Q)         0.456     5.432 f  I_REG_reg[41]/Q
                         net (fo=5, routed)           0.845     6.276    U/Q[41]
    SLICE_X37Y1          LUT4 (Prop_lut4_I1_O)        0.124     6.400 f  U/MODE_2.Q[47]_i_2/O
                         net (fo=6, routed)           0.692     7.092    U/MODE_2.Q[47]_i_2_n_0
    SLICE_X35Y3          LUT6 (Prop_lut6_I4_O)        0.124     7.216 f  U/MODE_2.Q[127]_i_9/O
                         net (fo=8, routed)           1.083     8.299    U/MODE_2.Q[127]_i_9_n_0
    SLICE_X36Y4          LUT6 (Prop_lut6_I1_O)        0.124     8.423 f  U/MODE_2.Q[127]_i_6/O
                         net (fo=32, routed)          0.900     9.324    U/MODE_2.Q[127]_i_6_n_0
    SLICE_X36Y9          LUT4 (Prop_lut4_I0_O)        0.124     9.448 r  U/MODE_2.Q[101]_i_1/O
                         net (fo=1, routed)           0.000     9.448    U/result64_out
    SLICE_X36Y9          FDCE                                         r  U/MODE_2.Q_reg[101]/D
  -------------------------------------------------------------------    -------------------

                         (clock CLK rise edge)        5.000     5.000 r  
    U14                                               0.000     5.000 r  CLK (IN)
                         net (fo=0)                   0.000     5.000    CLK
    U14                  IBUF (Prop_ibuf_I_O)         0.912     5.912 r  CLK_IBUF_inst/O
                         net (fo=1, routed)           1.880     7.792    CLK_IBUF
    BUFGCTRL_X0Y0        BUFG (Prop_bufg_I_O)         0.091     7.883 r  CLK_IBUF_BUFG_inst/O
                         net (fo=258, routed)         1.573     9.456    U/CLK
    SLICE_X36Y9          FDCE                                         r  U/MODE_2.Q_reg[101]/C
                         clock pessimism              0.492     9.948    
                         clock uncertainty           -0.035     9.913    
    SLICE_X36Y9          FDCE (Setup_fdce_C_D)        0.031     9.944    U/MODE_2.Q_reg[101]
  -------------------------------------------------------------------
                         required time                          9.944    
                         arrival time                          -9.448    
  -------------------------------------------------------------------
                         slack                                  0.496    




