Copyright 1986-2016 Xilinx, Inc. All Rights Reserved.
------------------------------------------------------------------------------------
| Tool Version : Vivado v.2016.1 (win64) Build 1538259 Fri Apr  8 15:45:27 MDT 2016
| Date         : Thu Jun 30 14:15:03 2016
| Host         : DESKTOP-4KPN332 running 64-bit major release  (build 9200)
| Command      : report_utilization -hierarchical -file ./project_3_0224.rpt
| Design       : PRIORITY_ENCODER_SYNTH_TEST
| Device       : 7z010clg400-1
| Design State : Routed
------------------------------------------------------------------------------------

Utilization Design Information

Table of Contents
-----------------
1. Utilization by Hierarchy

1. Utilization by Hierarchy
---------------------------

+---------------------------------+------------------+------------+------------+---------+------+-----+--------+--------+--------------+
|             Instance            |      Module      | Total LUTs | Logic LUTs | LUTRAMs | SRLs | FFs | RAMB36 | RAMB18 | DSP48 Blocks |
+---------------------------------+------------------+------------+------------+---------+------+-----+--------+--------+--------------+
| PRIORITY_ENCODER_SYNTH_TEST     |            (top) |        761 |        761 |       0 |    0 | 450 |      0 |      0 |            0 |
|   (PRIORITY_ENCODER_SYNTH_TEST) |            (top) |          1 |          1 |       0 |    0 | 225 |      0 |      0 |            0 |
|   U                             | PRIORITY_ENCODER |        760 |        760 |       0 |    0 | 225 |      0 |      0 |            0 |
+---------------------------------+------------------+------------+------------+---------+------+-----+--------+--------+--------------+
* Note: The sum of lower-level cells may be larger than their parent cells total, due to cross-hierarchy LUT combining


Copyright 1986-2016 Xilinx, Inc. All Rights Reserved.
------------------------------------------------------------------------------------
| Tool Version : Vivado v.2016.1 (win64) Build 1538259 Fri Apr  8 15:45:27 MDT 2016
| Date         : Thu Jun 30 14:15:14 2016
| Host         : DESKTOP-4KPN332 running 64-bit major release  (build 9200)
| Command      : report_timing -setup -file ./project_3_0224.rpt -append
| Design       : PRIORITY_ENCODER_SYNTH_TEST
| Device       : 7z010-clg400
| Speed File   : -1  PRODUCTION 1.11 2014-09-11
------------------------------------------------------------------------------------

Timing Report

Slack (VIOLATED) :        -0.074ns  (required time - arrival time)
  Source:                 I_REG_reg[90]/C
                            (rising edge-triggered cell FDCE clocked by CLK  {rise@0.000ns fall@2.500ns period=5.000ns})
  Destination:            U/MODE_3.Q_reg[206]/D
                            (rising edge-triggered cell FDCE clocked by CLK  {rise@0.000ns fall@2.500ns period=5.000ns})
  Path Group:             CLK
  Path Type:              Setup (Max at Slow Process Corner)
  Requirement:            5.000ns  (CLK rise@5.000ns - CLK rise@0.000ns)
  Data Path Delay:        4.928ns  (logic 1.313ns (26.646%)  route 3.615ns (73.354%))
  Logic Levels:           4  (LUT4=1 LUT5=2 LUT6=1)
  Clock Path Skew:        -0.142ns (DCD - SCD + CPR)
    Destination Clock Delay (DCD):    4.369ns = ( 9.369 - 5.000 ) 
    Source Clock Delay      (SCD):    4.966ns
    Clock Pessimism Removal (CPR):    0.455ns
  Clock Uncertainty:      0.035ns  ((TSJ^2 + TIJ^2)^1/2 + DJ) / 2 + PE
    Total System Jitter     (TSJ):    0.071ns
    Total Input Jitter      (TIJ):    0.000ns
    Discrete Jitter          (DJ):    0.000ns
    Phase Error              (PE):    0.000ns

    Location             Delay type                Incr(ns)  Path(ns)    Netlist Resource(s)
  -------------------------------------------------------------------    -------------------
                         (clock CLK rise edge)        0.000     0.000 r  
    U14                                               0.000     0.000 r  CLK (IN)
                         net (fo=0)                   0.000     0.000    CLK
    U14                  IBUF (Prop_ibuf_I_O)         1.046     1.046 r  CLK_IBUF_inst/O
                         net (fo=1, routed)           2.076     3.122    CLK_IBUF
    BUFGCTRL_X0Y0        BUFG (Prop_bufg_I_O)         0.101     3.223 r  CLK_IBUF_BUFG_inst/O
                         net (fo=450, routed)         1.743     4.966    CLK_IBUF_BUFG
    SLICE_X39Y32         FDCE                                         r  I_REG_reg[90]/C
  -------------------------------------------------------------------    -------------------
    SLICE_X39Y32         FDCE (Prop_fdce_C_Q)         0.419     5.385 f  I_REG_reg[90]/Q
                         net (fo=10, routed)          0.901     6.286    U/Q[90]
    SLICE_X38Y32         LUT4 (Prop_lut4_I1_O)        0.318     6.604 f  U/MODE_3.Q[106]_i_2/O
                         net (fo=5, routed)           0.481     7.086    U/MODE_3.Q[106]_i_2_n_0
    SLICE_X36Y32         LUT5 (Prop_lut5_I4_O)        0.328     7.414 f  U/MODE_3.Q[166]_i_3/O
                         net (fo=10, routed)          1.230     8.644    U/MODE_3.Q[166]_i_3_n_0
    SLICE_X36Y29         LUT6 (Prop_lut6_I0_O)        0.124     8.768 f  U/MODE_3.Q[222]_i_5/O
                         net (fo=7, routed)           1.001     9.770    U/MODE_3.Q[222]_i_5_n_0
    SLICE_X35Y27         LUT5 (Prop_lut5_I0_O)        0.124     9.894 r  U/MODE_3.Q[206]_i_1/O
                         net (fo=1, routed)           0.000     9.894    U/p_496_out
    SLICE_X35Y27         FDCE                                         r  U/MODE_3.Q_reg[206]/D
  -------------------------------------------------------------------    -------------------

                         (clock CLK rise edge)        5.000     5.000 r  
    U14                                               0.000     5.000 r  CLK (IN)
                         net (fo=0)                   0.000     5.000    CLK
    U14                  IBUF (Prop_ibuf_I_O)         0.912     5.912 r  CLK_IBUF_inst/O
                         net (fo=1, routed)           1.880     7.792    CLK_IBUF
    BUFGCTRL_X0Y0        BUFG (Prop_bufg_I_O)         0.091     7.883 r  CLK_IBUF_BUFG_inst/O
                         net (fo=450, routed)         1.486     9.369    U/CLK
    SLICE_X35Y27         FDCE                                         r  U/MODE_3.Q_reg[206]/C
                         clock pessimism              0.455     9.824    
                         clock uncertainty           -0.035     9.789    
    SLICE_X35Y27         FDCE (Setup_fdce_C_D)        0.031     9.820    U/MODE_3.Q_reg[206]
  -------------------------------------------------------------------
                         required time                          9.820    
                         arrival time                          -9.894    
  -------------------------------------------------------------------
                         slack                                 -0.074    




