Copyright 1986-2016 Xilinx, Inc. All Rights Reserved.
------------------------------------------------------------------------------------
| Tool Version : Vivado v.2016.1 (win64) Build 1538259 Fri Apr  8 15:45:27 MDT 2016
| Date         : Thu Jun 30 13:34:57 2016
| Host         : DESKTOP-4KPN332 running 64-bit major release  (build 9200)
| Command      : report_utilization -hierarchical -file ./project_5_0032.rpt
| Design       : PRIORITY_ENCODER_SYNTH_TEST
| Device       : 7z010clg400-1
| Design State : Routed
------------------------------------------------------------------------------------

Utilization Design Information

Table of Contents
-----------------
1. Utilization by Hierarchy

1. Utilization by Hierarchy
---------------------------

+---------------------------------+------------------+------------+------------+---------+------+-----+--------+--------+--------------+
|             Instance            |      Module      | Total LUTs | Logic LUTs | LUTRAMs | SRLs | FFs | RAMB36 | RAMB18 | DSP48 Blocks |
+---------------------------------+------------------+------------+------------+---------+------+-----+--------+--------+--------------+
| PRIORITY_ENCODER_SYNTH_TEST     |            (top) |        102 |        102 |       0 |    0 |  66 |      0 |      0 |            0 |
|   (PRIORITY_ENCODER_SYNTH_TEST) |            (top) |          1 |          1 |       0 |    0 |  33 |      0 |      0 |            0 |
|   U                             | PRIORITY_ENCODER |        101 |        101 |       0 |    0 |  33 |      0 |      0 |            0 |
+---------------------------------+------------------+------------+------------+---------+------+-----+--------+--------+--------------+
* Note: The sum of lower-level cells may be larger than their parent cells total, due to cross-hierarchy LUT combining


Copyright 1986-2016 Xilinx, Inc. All Rights Reserved.
------------------------------------------------------------------------------------
| Tool Version : Vivado v.2016.1 (win64) Build 1538259 Fri Apr  8 15:45:27 MDT 2016
| Date         : Thu Jun 30 13:35:07 2016
| Host         : DESKTOP-4KPN332 running 64-bit major release  (build 9200)
| Command      : report_timing -setup -file ./project_5_0032.rpt -append
| Design       : PRIORITY_ENCODER_SYNTH_TEST
| Device       : 7z010-clg400
| Speed File   : -1  PRODUCTION 1.11 2014-09-11
------------------------------------------------------------------------------------

Timing Report

Slack (VIOLATED) :        -0.716ns  (required time - arrival time)
  Source:                 I_REG_reg[2]/C
                            (rising edge-triggered cell FDCE clocked by CLK  {rise@0.000ns fall@1.250ns period=2.500ns})
  Destination:            U/MODE_5.Q_reg[30]/D
                            (rising edge-triggered cell FDCE clocked by CLK  {rise@0.000ns fall@1.250ns period=2.500ns})
  Path Group:             CLK
  Path Type:              Setup (Max at Slow Process Corner)
  Requirement:            2.500ns  (CLK rise@2.500ns - CLK rise@0.000ns)
  Data Path Delay:        3.184ns  (logic 2.444ns (76.749%)  route 0.740ns (23.251%))
  Logic Levels:           10  (CARRY4=8 LUT1=1 LUT2=1)
  Clock Path Skew:        -0.027ns (DCD - SCD + CPR)
    Destination Clock Delay (DCD):    4.458ns = ( 6.958 - 2.500 ) 
    Source Clock Delay      (SCD):    4.978ns
    Clock Pessimism Removal (CPR):    0.493ns
  Clock Uncertainty:      0.035ns  ((TSJ^2 + TIJ^2)^1/2 + DJ) / 2 + PE
    Total System Jitter     (TSJ):    0.071ns
    Total Input Jitter      (TIJ):    0.000ns
    Discrete Jitter          (DJ):    0.000ns
    Phase Error              (PE):    0.000ns

    Location             Delay type                Incr(ns)  Path(ns)    Netlist Resource(s)
  -------------------------------------------------------------------    -------------------
                         (clock CLK rise edge)        0.000     0.000 r  
    U14                                               0.000     0.000 r  CLK (IN)
                         net (fo=0)                   0.000     0.000    CLK
    U14                  IBUF (Prop_ibuf_I_O)         1.046     1.046 r  CLK_IBUF_inst/O
                         net (fo=1, routed)           2.076     3.122    CLK_IBUF
    BUFGCTRL_X0Y0        BUFG (Prop_bufg_I_O)         0.101     3.223 r  CLK_IBUF_BUFG_inst/O
                         net (fo=66, routed)          1.755     4.978    CLK_IBUF_BUFG
    SLICE_X41Y0          FDCE                                         r  I_REG_reg[2]/C
  -------------------------------------------------------------------    -------------------
    SLICE_X41Y0          FDCE (Prop_fdce_C_Q)         0.456     5.434 f  I_REG_reg[2]/Q
                         net (fo=5, routed)           0.451     5.885    U/Q[2]
    SLICE_X42Y0          LUT1 (Prop_lut1_I0_O)        0.124     6.009 r  U/minusOp_carry_i_3/O
                         net (fo=1, routed)           0.000     6.009    U/minusOp_carry_i_3_n_0
    SLICE_X42Y0          CARRY4 (Prop_carry4_S[1]_CO[3])
                                                      0.533     6.542 r  U/minusOp_carry/CO[3]
                         net (fo=1, routed)           0.000     6.542    U/minusOp_carry_n_0
    SLICE_X42Y1          CARRY4 (Prop_carry4_CI_CO[3])
                                                      0.117     6.659 r  U/minusOp_carry__0/CO[3]
                         net (fo=1, routed)           0.000     6.659    U/minusOp_carry__0_n_0
    SLICE_X42Y2          CARRY4 (Prop_carry4_CI_CO[3])
                                                      0.117     6.776 r  U/minusOp_carry__1/CO[3]
                         net (fo=1, routed)           0.000     6.776    U/minusOp_carry__1_n_0
    SLICE_X42Y3          CARRY4 (Prop_carry4_CI_CO[3])
                                                      0.117     6.893 r  U/minusOp_carry__2/CO[3]
                         net (fo=1, routed)           0.000     6.893    U/minusOp_carry__2_n_0
    SLICE_X42Y4          CARRY4 (Prop_carry4_CI_CO[3])
                                                      0.117     7.010 r  U/minusOp_carry__3/CO[3]
                         net (fo=1, routed)           0.000     7.010    U/minusOp_carry__3_n_0
    SLICE_X42Y5          CARRY4 (Prop_carry4_CI_CO[3])
                                                      0.117     7.127 r  U/minusOp_carry__4/CO[3]
                         net (fo=1, routed)           0.000     7.127    U/minusOp_carry__4_n_0
    SLICE_X42Y6          CARRY4 (Prop_carry4_CI_CO[3])
                                                      0.117     7.244 r  U/minusOp_carry__5/CO[3]
                         net (fo=1, routed)           0.000     7.244    U/minusOp_carry__5_n_0
    SLICE_X42Y7          CARRY4 (Prop_carry4_CI_O[1])
                                                      0.323     7.567 f  U/minusOp_carry__6/O[1]
                         net (fo=1, routed)           0.289     7.856    U/minusOp_carry__6_n_6
    SLICE_X41Y7          LUT2 (Prop_lut2_I1_O)        0.306     8.162 r  U/MODE_5.Q[30]_i_1/O
                         net (fo=1, routed)           0.000     8.162    U/MODE_5.Q[30]_i_1_n_0
    SLICE_X41Y7          FDCE                                         r  U/MODE_5.Q_reg[30]/D
  -------------------------------------------------------------------    -------------------

                         (clock CLK rise edge)        2.500     2.500 r  
    U14                                               0.000     2.500 r  CLK (IN)
                         net (fo=0)                   0.000     2.500    CLK
    U14                  IBUF (Prop_ibuf_I_O)         0.912     3.412 r  CLK_IBUF_inst/O
                         net (fo=1, routed)           1.880     5.292    CLK_IBUF
    BUFGCTRL_X0Y0        BUFG (Prop_bufg_I_O)         0.091     5.383 r  CLK_IBUF_BUFG_inst/O
                         net (fo=66, routed)          1.575     6.958    U/CLK
    SLICE_X41Y7          FDCE                                         r  U/MODE_5.Q_reg[30]/C
                         clock pessimism              0.493     7.451    
                         clock uncertainty           -0.035     7.416    
    SLICE_X41Y7          FDCE (Setup_fdce_C_D)        0.031     7.447    U/MODE_5.Q_reg[30]
  -------------------------------------------------------------------
                         required time                          7.447    
                         arrival time                          -8.162    
  -------------------------------------------------------------------
                         slack                                 -0.716    




