Copyright 1986-2016 Xilinx, Inc. All Rights Reserved.
------------------------------------------------------------------------------------
| Tool Version : Vivado v.2016.1 (win64) Build 1538259 Fri Apr  8 15:45:27 MDT 2016
| Date         : Thu Jun 30 14:09:55 2016
| Host         : DESKTOP-4KPN332 running 64-bit major release  (build 9200)
| Command      : report_utilization -hierarchical -file ./project_3_0160.rpt
| Design       : PRIORITY_ENCODER_SYNTH_TEST
| Device       : 7z010clg400-1
| Design State : Routed
------------------------------------------------------------------------------------

Utilization Design Information

Table of Contents
-----------------
1. Utilization by Hierarchy

1. Utilization by Hierarchy
---------------------------

+---------------------------------+------------------+------------+------------+---------+------+-----+--------+--------+--------------+
|             Instance            |      Module      | Total LUTs | Logic LUTs | LUTRAMs | SRLs | FFs | RAMB36 | RAMB18 | DSP48 Blocks |
+---------------------------------+------------------+------------+------------+---------+------+-----+--------+--------+--------------+
| PRIORITY_ENCODER_SYNTH_TEST     |            (top) |        494 |        494 |       0 |    0 | 322 |      0 |      0 |            0 |
|   (PRIORITY_ENCODER_SYNTH_TEST) |            (top) |          1 |          1 |       0 |    0 | 161 |      0 |      0 |            0 |
|   U                             | PRIORITY_ENCODER |        493 |        493 |       0 |    0 | 161 |      0 |      0 |            0 |
+---------------------------------+------------------+------------+------------+---------+------+-----+--------+--------+--------------+
* Note: The sum of lower-level cells may be larger than their parent cells total, due to cross-hierarchy LUT combining


Copyright 1986-2016 Xilinx, Inc. All Rights Reserved.
------------------------------------------------------------------------------------
| Tool Version : Vivado v.2016.1 (win64) Build 1538259 Fri Apr  8 15:45:27 MDT 2016
| Date         : Thu Jun 30 14:10:05 2016
| Host         : DESKTOP-4KPN332 running 64-bit major release  (build 9200)
| Command      : report_timing -setup -file ./project_3_0160.rpt -append
| Design       : PRIORITY_ENCODER_SYNTH_TEST
| Device       : 7z010-clg400
| Speed File   : -1  PRODUCTION 1.11 2014-09-11
------------------------------------------------------------------------------------

Timing Report

Slack (MET) :             0.208ns  (required time - arrival time)
  Source:                 I_REG_reg[28]/C
                            (rising edge-triggered cell FDCE clocked by CLK  {rise@0.000ns fall@2.500ns period=5.000ns})
  Destination:            U/MODE_3.Q_reg[90]/D
                            (rising edge-triggered cell FDCE clocked by CLK  {rise@0.000ns fall@2.500ns period=5.000ns})
  Path Group:             CLK
  Path Type:              Setup (Max at Slow Process Corner)
  Requirement:            5.000ns  (CLK rise@5.000ns - CLK rise@0.000ns)
  Data Path Delay:        4.756ns  (logic 1.379ns (28.995%)  route 3.377ns (71.005%))
  Logic Levels:           4  (LUT2=1 LUT4=1 LUT6=2)
  Clock Path Skew:        -0.032ns (DCD - SCD + CPR)
    Destination Clock Delay (DCD):    4.372ns = ( 9.372 - 5.000 ) 
    Source Clock Delay      (SCD):    4.893ns
    Clock Pessimism Removal (CPR):    0.489ns
  Clock Uncertainty:      0.035ns  ((TSJ^2 + TIJ^2)^1/2 + DJ) / 2 + PE
    Total System Jitter     (TSJ):    0.071ns
    Total Input Jitter      (TIJ):    0.000ns
    Discrete Jitter          (DJ):    0.000ns
    Phase Error              (PE):    0.000ns

    Location             Delay type                Incr(ns)  Path(ns)    Netlist Resource(s)
  -------------------------------------------------------------------    -------------------
                         (clock CLK rise edge)        0.000     0.000 r  
    U14                                               0.000     0.000 r  CLK (IN)
                         net (fo=0)                   0.000     0.000    CLK
    U14                  IBUF (Prop_ibuf_I_O)         1.046     1.046 r  CLK_IBUF_inst/O
                         net (fo=1, routed)           2.076     3.122    CLK_IBUF
    BUFGCTRL_X0Y0        BUFG (Prop_bufg_I_O)         0.101     3.223 r  CLK_IBUF_BUFG_inst/O
                         net (fo=322, routed)         1.670     4.893    CLK_IBUF_BUFG
    SLICE_X34Y12         FDCE                                         r  I_REG_reg[28]/C
  -------------------------------------------------------------------    -------------------
    SLICE_X34Y12         FDCE (Prop_fdce_C_Q)         0.478     5.371 f  I_REG_reg[28]/Q
                         net (fo=12, routed)          1.118     6.488    U/Q[28]
    SLICE_X39Y13         LUT4 (Prop_lut4_I3_O)        0.326     6.814 f  U/MODE_3.Q[34]_i_2/O
                         net (fo=6, routed)           0.477     7.291    U/MODE_3.Q[34]_i_2_n_0
    SLICE_X38Y11         LUT6 (Prop_lut6_I5_O)        0.327     7.618 f  U/MODE_3.Q[50]_i_2/O
                         net (fo=6, routed)           1.044     8.663    U/MODE_3.Q[50]_i_2_n_0
    SLICE_X36Y13         LUT6 (Prop_lut6_I0_O)        0.124     8.787 r  U/MODE_3.Q[154]_i_5/O
                         net (fo=5, routed)           0.738     9.525    U/MODE_3.Q[154]_i_5_n_0
    SLICE_X35Y19         LUT2 (Prop_lut2_I1_O)        0.124     9.649 r  U/MODE_3.Q[90]_i_1/O
                         net (fo=1, routed)           0.000     9.649    U/p_216_out
    SLICE_X35Y19         FDCE                                         r  U/MODE_3.Q_reg[90]/D
  -------------------------------------------------------------------    -------------------

                         (clock CLK rise edge)        5.000     5.000 r  
    U14                                               0.000     5.000 r  CLK (IN)
                         net (fo=0)                   0.000     5.000    CLK
    U14                  IBUF (Prop_ibuf_I_O)         0.912     5.912 r  CLK_IBUF_inst/O
                         net (fo=1, routed)           1.880     7.792    CLK_IBUF
    BUFGCTRL_X0Y0        BUFG (Prop_bufg_I_O)         0.091     7.883 r  CLK_IBUF_BUFG_inst/O
                         net (fo=322, routed)         1.489     9.372    U/CLK
    SLICE_X35Y19         FDCE                                         r  U/MODE_3.Q_reg[90]/C
                         clock pessimism              0.489     9.861    
                         clock uncertainty           -0.035     9.826    
    SLICE_X35Y19         FDCE (Setup_fdce_C_D)        0.031     9.857    U/MODE_3.Q_reg[90]
  -------------------------------------------------------------------
                         required time                          9.857    
                         arrival time                          -9.649    
  -------------------------------------------------------------------
                         slack                                  0.208    




