Copyright 1986-2016 Xilinx, Inc. All Rights Reserved.
------------------------------------------------------------------------------------
| Tool Version : Vivado v.2016.1 (win64) Build 1538259 Fri Apr  8 15:45:27 MDT 2016
| Date         : Thu Jun 30 13:40:02 2016
| Host         : DESKTOP-4KPN332 running 64-bit major release  (build 9200)
| Command      : report_utilization -hierarchical -file ./project_5_0096.rpt
| Design       : PRIORITY_ENCODER_SYNTH_TEST
| Device       : 7z010clg400-1
| Design State : Routed
------------------------------------------------------------------------------------

Utilization Design Information

Table of Contents
-----------------
1. Utilization by Hierarchy

1. Utilization by Hierarchy
---------------------------

+---------------------------------+------------------+------------+------------+---------+------+-----+--------+--------+--------------+
|             Instance            |      Module      | Total LUTs | Logic LUTs | LUTRAMs | SRLs | FFs | RAMB36 | RAMB18 | DSP48 Blocks |
+---------------------------------+------------------+------------+------------+---------+------+-----+--------+--------+--------------+
| PRIORITY_ENCODER_SYNTH_TEST     |            (top) |        312 |        312 |       0 |    0 | 194 |      0 |      0 |            0 |
|   (PRIORITY_ENCODER_SYNTH_TEST) |            (top) |          1 |          1 |       0 |    0 |  97 |      0 |      0 |            0 |
|   U                             | PRIORITY_ENCODER |        311 |        311 |       0 |    0 |  97 |      0 |      0 |            0 |
+---------------------------------+------------------+------------+------------+---------+------+-----+--------+--------+--------------+
* Note: The sum of lower-level cells may be larger than their parent cells total, due to cross-hierarchy LUT combining


Copyright 1986-2016 Xilinx, Inc. All Rights Reserved.
------------------------------------------------------------------------------------
| Tool Version : Vivado v.2016.1 (win64) Build 1538259 Fri Apr  8 15:45:27 MDT 2016
| Date         : Thu Jun 30 13:40:12 2016
| Host         : DESKTOP-4KPN332 running 64-bit major release  (build 9200)
| Command      : report_timing -setup -file ./project_5_0096.rpt -append
| Design       : PRIORITY_ENCODER_SYNTH_TEST
| Device       : 7z010-clg400
| Speed File   : -1  PRODUCTION 1.11 2014-09-11
------------------------------------------------------------------------------------

Timing Report

Slack (VIOLATED) :        -1.051ns  (required time - arrival time)
  Source:                 I_REG_reg[0]/C
                            (rising edge-triggered cell FDCE clocked by CLK  {rise@0.000ns fall@1.250ns period=2.500ns})
  Destination:            U/MODE_5.Q_reg[46]/D
                            (rising edge-triggered cell FDCE clocked by CLK  {rise@0.000ns fall@1.250ns period=2.500ns})
  Path Group:             CLK
  Path Type:              Setup (Max at Slow Process Corner)
  Requirement:            2.500ns  (CLK rise@2.500ns - CLK rise@0.000ns)
  Data Path Delay:        3.518ns  (logic 2.875ns (81.734%)  route 0.643ns (18.266%))
  Logic Levels:           13  (CARRY4=12 LUT2=1)
  Clock Path Skew:        -0.029ns (DCD - SCD + CPR)
    Destination Clock Delay (DCD):    4.455ns = ( 6.955 - 2.500 ) 
    Source Clock Delay      (SCD):    4.976ns
    Clock Pessimism Removal (CPR):    0.492ns
  Clock Uncertainty:      0.035ns  ((TSJ^2 + TIJ^2)^1/2 + DJ) / 2 + PE
    Total System Jitter     (TSJ):    0.071ns
    Total Input Jitter      (TIJ):    0.000ns
    Discrete Jitter          (DJ):    0.000ns
    Phase Error              (PE):    0.000ns

    Location             Delay type                Incr(ns)  Path(ns)    Netlist Resource(s)
  -------------------------------------------------------------------    -------------------
                         (clock CLK rise edge)        0.000     0.000 r  
    U14                                               0.000     0.000 r  CLK (IN)
                         net (fo=0)                   0.000     0.000    CLK
    U14                  IBUF (Prop_ibuf_I_O)         1.046     1.046 r  CLK_IBUF_inst/O
                         net (fo=1, routed)           2.076     3.122    CLK_IBUF
    BUFGCTRL_X0Y0        BUFG (Prop_bufg_I_O)         0.101     3.223 r  CLK_IBUF_BUFG_inst/O
                         net (fo=194, routed)         1.753     4.976    CLK_IBUF_BUFG
    SLICE_X38Y0          FDCE                                         r  I_REG_reg[0]/C
  -------------------------------------------------------------------    -------------------
    SLICE_X38Y0          FDCE (Prop_fdce_C_Q)         0.518     5.494 r  I_REG_reg[0]/Q
                         net (fo=4, routed)           0.350     5.844    U/Q[0]
    SLICE_X36Y0          CARRY4 (Prop_carry4_CYINIT_CO[3])
                                                      0.580     6.424 r  U/minusOp_carry/CO[3]
                         net (fo=1, routed)           0.000     6.424    U/minusOp_carry_n_0
    SLICE_X36Y1          CARRY4 (Prop_carry4_CI_CO[3])
                                                      0.114     6.538 r  U/minusOp_carry__0/CO[3]
                         net (fo=1, routed)           0.000     6.538    U/minusOp_carry__0_n_0
    SLICE_X36Y2          CARRY4 (Prop_carry4_CI_CO[3])
                                                      0.114     6.652 r  U/minusOp_carry__1/CO[3]
                         net (fo=1, routed)           0.000     6.652    U/minusOp_carry__1_n_0
    SLICE_X36Y3          CARRY4 (Prop_carry4_CI_CO[3])
                                                      0.114     6.766 r  U/minusOp_carry__2/CO[3]
                         net (fo=1, routed)           0.000     6.766    U/minusOp_carry__2_n_0
    SLICE_X36Y4          CARRY4 (Prop_carry4_CI_CO[3])
                                                      0.114     6.880 r  U/minusOp_carry__3/CO[3]
                         net (fo=1, routed)           0.000     6.880    U/minusOp_carry__3_n_0
    SLICE_X36Y5          CARRY4 (Prop_carry4_CI_CO[3])
                                                      0.114     6.994 r  U/minusOp_carry__4/CO[3]
                         net (fo=1, routed)           0.000     6.994    U/minusOp_carry__4_n_0
    SLICE_X36Y6          CARRY4 (Prop_carry4_CI_CO[3])
                                                      0.114     7.108 r  U/minusOp_carry__5/CO[3]
                         net (fo=1, routed)           0.000     7.108    U/minusOp_carry__5_n_0
    SLICE_X36Y7          CARRY4 (Prop_carry4_CI_CO[3])
                                                      0.114     7.222 r  U/minusOp_carry__6/CO[3]
                         net (fo=1, routed)           0.000     7.222    U/minusOp_carry__6_n_0
    SLICE_X36Y8          CARRY4 (Prop_carry4_CI_CO[3])
                                                      0.114     7.336 r  U/minusOp_carry__7/CO[3]
                         net (fo=1, routed)           0.000     7.336    U/minusOp_carry__7_n_0
    SLICE_X36Y9          CARRY4 (Prop_carry4_CI_CO[3])
                                                      0.114     7.450 r  U/minusOp_carry__8/CO[3]
                         net (fo=1, routed)           0.000     7.450    U/minusOp_carry__8_n_0
    SLICE_X36Y10         CARRY4 (Prop_carry4_CI_CO[3])
                                                      0.114     7.564 r  U/minusOp_carry__9/CO[3]
                         net (fo=1, routed)           0.000     7.564    U/minusOp_carry__9_n_0
    SLICE_X36Y11         CARRY4 (Prop_carry4_CI_O[1])
                                                      0.334     7.898 f  U/minusOp_carry__10/O[1]
                         net (fo=1, routed)           0.292     8.190    U/minusOp_carry__10_n_6
    SLICE_X39Y11         LUT2 (Prop_lut2_I1_O)        0.303     8.493 r  U/MODE_5.Q[46]_i_1/O
                         net (fo=1, routed)           0.000     8.493    U/MODE_5.Q[46]_i_1_n_0
    SLICE_X39Y11         FDCE                                         r  U/MODE_5.Q_reg[46]/D
  -------------------------------------------------------------------    -------------------

                         (clock CLK rise edge)        2.500     2.500 r  
    U14                                               0.000     2.500 r  CLK (IN)
                         net (fo=0)                   0.000     2.500    CLK
    U14                  IBUF (Prop_ibuf_I_O)         0.912     3.412 r  CLK_IBUF_inst/O
                         net (fo=1, routed)           1.880     5.292    CLK_IBUF
    BUFGCTRL_X0Y0        BUFG (Prop_bufg_I_O)         0.091     5.383 r  CLK_IBUF_BUFG_inst/O
                         net (fo=194, routed)         1.572     6.955    U/CLK
    SLICE_X39Y11         FDCE                                         r  U/MODE_5.Q_reg[46]/C
                         clock pessimism              0.492     7.447    
                         clock uncertainty           -0.035     7.412    
    SLICE_X39Y11         FDCE (Setup_fdce_C_D)        0.031     7.443    U/MODE_5.Q_reg[46]
  -------------------------------------------------------------------
                         required time                          7.443    
                         arrival time                          -8.493    
  -------------------------------------------------------------------
                         slack                                 -1.051    




