Copyright 1986-2016 Xilinx, Inc. All Rights Reserved.
------------------------------------------------------------------------------------
| Tool Version : Vivado v.2016.1 (win64) Build 1538259 Fri Apr  8 15:45:27 MDT 2016
| Date         : Thu Jun 30 13:48:48 2016
| Host         : DESKTOP-4KPN332 running 64-bit major release  (build 9200)
| Command      : report_utilization -hierarchical -file ./project_1_0256.rpt
| Design       : PRIORITY_ENCODER_SYNTH_TEST
| Device       : 7z010clg400-1
| Design State : Routed
------------------------------------------------------------------------------------

Utilization Design Information

Table of Contents
-----------------
1. Utilization by Hierarchy

1. Utilization by Hierarchy
---------------------------

+---------------------------------+------------------+------------+------------+---------+------+-----+--------+--------+--------------+
|             Instance            |      Module      | Total LUTs | Logic LUTs | LUTRAMs | SRLs | FFs | RAMB36 | RAMB18 | DSP48 Blocks |
+---------------------------------+------------------+------------+------------+---------+------+-----+--------+--------+--------------+
| PRIORITY_ENCODER_SYNTH_TEST     |            (top) |        456 |        456 |       0 |    0 | 514 |      0 |      0 |            0 |
|   (PRIORITY_ENCODER_SYNTH_TEST) |            (top) |          1 |          1 |       0 |    0 | 257 |      0 |      0 |            0 |
|   U                             | PRIORITY_ENCODER |        455 |        455 |       0 |    0 | 257 |      0 |      0 |            0 |
+---------------------------------+------------------+------------+------------+---------+------+-----+--------+--------+--------------+
* Note: The sum of lower-level cells may be larger than their parent cells total, due to cross-hierarchy LUT combining


Copyright 1986-2016 Xilinx, Inc. All Rights Reserved.
------------------------------------------------------------------------------------
| Tool Version : Vivado v.2016.1 (win64) Build 1538259 Fri Apr  8 15:45:27 MDT 2016
| Date         : Thu Jun 30 13:48:58 2016
| Host         : DESKTOP-4KPN332 running 64-bit major release  (build 9200)
| Command      : report_timing -setup -file ./project_1_0256.rpt -append
| Design       : PRIORITY_ENCODER_SYNTH_TEST
| Device       : 7z010-clg400
| Speed File   : -1  PRODUCTION 1.11 2014-09-11
------------------------------------------------------------------------------------

Timing Report

Slack (VIOLATED) :        -1.036ns  (required time - arrival time)
  Source:                 I_REG_reg[57]/C
                            (rising edge-triggered cell FDCE clocked by CLK  {rise@0.000ns fall@2.500ns period=5.000ns})
  Destination:            U/MODE_1.Q_reg[231]/D
                            (rising edge-triggered cell FDCE clocked by CLK  {rise@0.000ns fall@2.500ns period=5.000ns})
  Path Group:             CLK
  Path Type:              Setup (Max at Slow Process Corner)
  Requirement:            5.000ns  (CLK rise@5.000ns - CLK rise@0.000ns)
  Data Path Delay:        5.974ns  (logic 1.649ns (27.602%)  route 4.325ns (72.398%))
  Logic Levels:           8  (LUT4=2 LUT5=1 LUT6=5)
  Clock Path Skew:        -0.058ns (DCD - SCD + CPR)
    Destination Clock Delay (DCD):    4.460ns = ( 9.460 - 5.000 ) 
    Source Clock Delay      (SCD):    4.973ns
    Clock Pessimism Removal (CPR):    0.455ns
  Clock Uncertainty:      0.035ns  ((TSJ^2 + TIJ^2)^1/2 + DJ) / 2 + PE
    Total System Jitter     (TSJ):    0.071ns
    Total Input Jitter      (TIJ):    0.000ns
    Discrete Jitter          (DJ):    0.000ns
    Phase Error              (PE):    0.000ns

    Location             Delay type                Incr(ns)  Path(ns)    Netlist Resource(s)
  -------------------------------------------------------------------    -------------------
                         (clock CLK rise edge)        0.000     0.000 r  
    U14                                               0.000     0.000 r  CLK (IN)
                         net (fo=0)                   0.000     0.000    CLK
    U14                  IBUF (Prop_ibuf_I_O)         1.046     1.046 r  CLK_IBUF_inst/O
                         net (fo=1, routed)           2.076     3.122    CLK_IBUF
    BUFGCTRL_X0Y0        BUFG (Prop_bufg_I_O)         0.101     3.223 r  CLK_IBUF_BUFG_inst/O
                         net (fo=514, routed)         1.750     4.973    CLK_IBUF_BUFG
    SLICE_X37Y10         FDCE                                         r  I_REG_reg[57]/C
  -------------------------------------------------------------------    -------------------
    SLICE_X37Y10         FDCE (Prop_fdce_C_Q)         0.456     5.429 f  I_REG_reg[57]/Q
                         net (fo=7, routed)           1.031     6.460    U/Q[57]
    SLICE_X38Y9          LUT5 (Prop_lut5_I1_O)        0.124     6.584 f  U/MODE_1.Q[99]_i_5/O
                         net (fo=2, routed)           0.807     7.391    U/MODE_1.Q[99]_i_5_n_0
    SLICE_X37Y8          LUT6 (Prop_lut6_I0_O)        0.124     7.515 f  U/MODE_1.Q[111]_i_6/O
                         net (fo=1, routed)           0.579     8.094    U/MODE_1.Q[111]_i_6_n_0
    SLICE_X39Y7          LUT6 (Prop_lut6_I3_O)        0.124     8.218 f  U/MODE_1.Q[111]_i_4/O
                         net (fo=1, routed)           0.154     8.372    U/MODE_1.Q[111]_i_4_n_0
    SLICE_X39Y7          LUT6 (Prop_lut6_I2_O)        0.124     8.496 f  U/MODE_1.Q[111]_i_2/O
                         net (fo=9, routed)           0.438     8.934    U/MODE_1.Q[111]_i_2_n_0
    SLICE_X39Y5          LUT6 (Prop_lut6_I2_O)        0.124     9.058 f  U/MODE_1.Q[229]_i_6/O
                         net (fo=4, routed)           0.287     9.345    U/MODE_1.Q[229]_i_6_n_0
    SLICE_X39Y5          LUT6 (Prop_lut6_I2_O)        0.124     9.469 f  U/MODE_1.Q[229]_i_2/O
                         net (fo=10, routed)          0.597    10.066    U/MODE_1.Q[229]_i_2_n_0
    SLICE_X40Y3          LUT4 (Prop_lut4_I0_O)        0.117    10.183 f  U/MODE_1.Q[233]_i_2/O
                         net (fo=3, routed)           0.432    10.615    U/MODE_1.Q[233]_i_2_n_0
    SLICE_X41Y2          LUT4 (Prop_lut4_I1_O)        0.332    10.947 r  U/MODE_1.Q[231]_i_1/O
                         net (fo=1, routed)           0.000    10.947    U/result59_out
    SLICE_X41Y2          FDCE                                         r  U/MODE_1.Q_reg[231]/D
  -------------------------------------------------------------------    -------------------

                         (clock CLK rise edge)        5.000     5.000 r  
    U14                                               0.000     5.000 r  CLK (IN)
                         net (fo=0)                   0.000     5.000    CLK
    U14                  IBUF (Prop_ibuf_I_O)         0.912     5.912 r  CLK_IBUF_inst/O
                         net (fo=1, routed)           1.880     7.792    CLK_IBUF
    BUFGCTRL_X0Y0        BUFG (Prop_bufg_I_O)         0.091     7.883 r  CLK_IBUF_BUFG_inst/O
                         net (fo=514, routed)         1.577     9.460    U/CLK
    SLICE_X41Y2          FDCE                                         r  U/MODE_1.Q_reg[231]/C
                         clock pessimism              0.455     9.915    
                         clock uncertainty           -0.035     9.880    
    SLICE_X41Y2          FDCE (Setup_fdce_C_D)        0.032     9.912    U/MODE_1.Q_reg[231]
  -------------------------------------------------------------------
                         required time                          9.912    
                         arrival time                         -10.947    
  -------------------------------------------------------------------
                         slack                                 -1.036    




