Copyright 1986-2016 Xilinx, Inc. All Rights Reserved.
------------------------------------------------------------------------------------
| Tool Version : Vivado v.2016.1 (win64) Build 1538259 Fri Apr  8 15:45:27 MDT 2016
| Date         : Thu Jun 30 14:56:36 2016
| Host         : DESKTOP-4KPN332 running 64-bit major release  (build 9200)
| Command      : report_utilization -hierarchical -file ./project_5_0512.rpt
| Design       : PRIORITY_ENCODER_SYNTH_TEST
| Device       : 7z010clg400-1
| Design State : Routed
------------------------------------------------------------------------------------

Utilization Design Information

Table of Contents
-----------------
1. Utilization by Hierarchy

1. Utilization by Hierarchy
---------------------------

+---------------------------------+------------------+------------+------------+---------+------+------+--------+--------+--------------+
|             Instance            |      Module      | Total LUTs | Logic LUTs | LUTRAMs | SRLs |  FFs | RAMB36 | RAMB18 | DSP48 Blocks |
+---------------------------------+------------------+------------+------------+---------+------+------+--------+--------+--------------+
| PRIORITY_ENCODER_SYNTH_TEST     |            (top) |       1427 |       1427 |       0 |    0 | 1026 |      0 |      0 |            0 |
|   (PRIORITY_ENCODER_SYNTH_TEST) |            (top) |          1 |          1 |       0 |    0 |  513 |      0 |      0 |            0 |
|   U                             | PRIORITY_ENCODER |       1426 |       1426 |       0 |    0 |  513 |      0 |      0 |            0 |
+---------------------------------+------------------+------------+------------+---------+------+------+--------+--------+--------------+
* Note: The sum of lower-level cells may be larger than their parent cells total, due to cross-hierarchy LUT combining


Copyright 1986-2016 Xilinx, Inc. All Rights Reserved.
------------------------------------------------------------------------------------
| Tool Version : Vivado v.2016.1 (win64) Build 1538259 Fri Apr  8 15:45:27 MDT 2016
| Date         : Thu Jun 30 14:56:47 2016
| Host         : DESKTOP-4KPN332 running 64-bit major release  (build 9200)
| Command      : report_timing -setup -file ./project_5_0512.rpt -append
| Design       : PRIORITY_ENCODER_SYNTH_TEST
| Device       : 7z010-clg400
| Speed File   : -1  PRODUCTION 1.11 2014-09-11
------------------------------------------------------------------------------------

Timing Report

Slack (VIOLATED) :        -0.877ns  (required time - arrival time)
  Source:                 I_REG_reg[211]/C
                            (rising edge-triggered cell FDCE clocked by CLK  {rise@0.000ns fall@2.500ns period=5.000ns})
  Destination:            U/MODE_5.Q_reg[340]/D
                            (rising edge-triggered cell FDCE clocked by CLK  {rise@0.000ns fall@2.500ns period=5.000ns})
  Path Group:             CLK
  Path Type:              Setup (Max at Slow Process Corner)
  Requirement:            5.000ns  (CLK rise@5.000ns - CLK rise@0.000ns)
  Data Path Delay:        5.795ns  (logic 1.076ns (18.566%)  route 4.719ns (81.434%))
  Logic Levels:           5  (LUT3=1 LUT4=2 LUT6=2)
  Clock Path Skew:        -0.077ns (DCD - SCD + CPR)
    Destination Clock Delay (DCD):    4.443ns = ( 9.443 - 5.000 ) 
    Source Clock Delay      (SCD):    4.975ns
    Clock Pessimism Removal (CPR):    0.455ns
  Clock Uncertainty:      0.035ns  ((TSJ^2 + TIJ^2)^1/2 + DJ) / 2 + PE
    Total System Jitter     (TSJ):    0.071ns
    Total Input Jitter      (TIJ):    0.000ns
    Discrete Jitter          (DJ):    0.000ns
    Phase Error              (PE):    0.000ns

    Location             Delay type                Incr(ns)  Path(ns)    Netlist Resource(s)
  -------------------------------------------------------------------    -------------------
                         (clock CLK rise edge)        0.000     0.000 r  
    U14                                               0.000     0.000 r  CLK (IN)
                         net (fo=0)                   0.000     0.000    CLK
    U14                  IBUF (Prop_ibuf_I_O)         1.046     1.046 r  CLK_IBUF_inst/O
                         net (fo=1, routed)           2.076     3.122    CLK_IBUF
    BUFGCTRL_X0Y0        BUFG (Prop_bufg_I_O)         0.101     3.223 r  CLK_IBUF_BUFG_inst/O
                         net (fo=1026, routed)        1.752     4.975    CLK_IBUF_BUFG
    SLICE_X36Y6          FDCE                                         r  I_REG_reg[211]/C
  -------------------------------------------------------------------    -------------------
    SLICE_X36Y6          FDCE (Prop_fdce_C_Q)         0.456     5.431 f  I_REG_reg[211]/Q
                         net (fo=5, routed)           0.828     6.259    U/Q[211]
    SLICE_X37Y4          LUT4 (Prop_lut4_I1_O)        0.124     6.383 f  U/MODE_5.Q[319]_i_26/O
                         net (fo=1, routed)           0.922     7.304    U/MODE_5.Q[319]_i_26_n_0
    SLICE_X36Y8          LUT4 (Prop_lut4_I2_O)        0.124     7.428 f  U/MODE_5.Q[319]_i_9/O
                         net (fo=1, routed)           0.841     8.269    U/MODE_5.Q[319]_i_9_n_0
    SLICE_X35Y15         LUT6 (Prop_lut6_I5_O)        0.124     8.393 f  U/MODE_5.Q[319]_i_2/O
                         net (fo=131, routed)         1.352     9.745    U/p_7_in
    SLICE_X36Y20         LUT6 (Prop_lut6_I1_O)        0.124     9.869 r  U/MODE_5.Q[383]_i_2/O
                         net (fo=64, routed)          0.777    10.646    U/p_1_in[5]
    SLICE_X37Y26         LUT3 (Prop_lut3_I0_O)        0.124    10.770 r  U/MODE_5.Q[340]_i_1/O
                         net (fo=1, routed)           0.000    10.770    U/MODE_5.Q[340]_i_1_n_0
    SLICE_X37Y26         FDCE                                         r  U/MODE_5.Q_reg[340]/D
  -------------------------------------------------------------------    -------------------

                         (clock CLK rise edge)        5.000     5.000 r  
    U14                                               0.000     5.000 r  CLK (IN)
                         net (fo=0)                   0.000     5.000    CLK
    U14                  IBUF (Prop_ibuf_I_O)         0.912     5.912 r  CLK_IBUF_inst/O
                         net (fo=1, routed)           1.880     7.792    CLK_IBUF
    BUFGCTRL_X0Y0        BUFG (Prop_bufg_I_O)         0.091     7.883 r  CLK_IBUF_BUFG_inst/O
                         net (fo=1026, routed)        1.560     9.443    U/CLK
    SLICE_X37Y26         FDCE                                         r  U/MODE_5.Q_reg[340]/C
                         clock pessimism              0.455     9.898    
                         clock uncertainty           -0.035     9.863    
    SLICE_X37Y26         FDCE (Setup_fdce_C_D)        0.031     9.894    U/MODE_5.Q_reg[340]
  -------------------------------------------------------------------
                         required time                          9.894    
                         arrival time                         -10.770    
  -------------------------------------------------------------------
                         slack                                 -0.877    




